#
# There is insufficient memory for the Java Runtime Environment to continue.
# Native memory allocation (malloc) failed to allocate 32744 bytes for ChunkPool::allocate
# Possible reasons:
#   The system is out of physical RAM or swap space
#   The process is running with CompressedOops enabled, and the Java Heap may be blocking the growth of the native heap
# Possible solutions:
#   Reduce memory load on the system
#   Increase physical memory or swap space
#   Check if swap backing store is full
#   Decrease Java heap size (-Xmx/-Xms)
#   Decrease number of Java threads
#   Decrease Java thread stack sizes (-Xss)
#   Set larger code cache with -XX:ReservedCodeCacheSize=
#   JVM is running with Unscaled Compressed Oops mode in which the Java heap is
#     placed in the first 4GB address space. The Java Heap base address is the
#     maximum limit for the native heap growth. Please use -XX:HeapBaseMinAddress
#     to set the Java Heap base and to place the Java Heap above 4GB virtual address.
# This output file may be truncated or incomplete.
#
#  Out of Memory Error (arena.cpp:78), pid=15944, tid=10196
#
# JRE version: Java(TM) SE Runtime Environment (17.0.12+8) (build 17.0.12+8-LTS-286)
# Java VM: Java HotSpot(TM) 64-Bit Server VM (17.0.12+8-LTS-286, mixed mode, sharing, tiered, compressed oops, compressed class ptrs, g1 gc, windows-amd64)
# No core dump will be written. Minidumps are not enabled by default on client versions of Windows
#

---------------  S U M M A R Y ------------

Command Line: --add-opens=java.base/java.lang=ALL-UNNAMED --add-opens=java.base/java.lang.invoke=ALL-UNNAMED --add-opens=java.base/java.util=ALL-UNNAMED --add-opens=java.prefs/java.util.prefs=ALL-UNNAMED --add-exports=jdk.compiler/com.sun.tools.javac.api=ALL-UNNAMED --add-exports=jdk.compiler/com.sun.tools.javac.util=ALL-UNNAMED --add-opens=java.base/java.util=ALL-UNNAMED --add-opens=java.prefs/java.util.prefs=ALL-UNNAMED --add-opens=java.base/java.nio.charset=ALL-UNNAMED --add-opens=java.base/java.net=ALL-UNNAMED --add-opens=java.base/java.util.concurrent.atomic=ALL-UNNAMED --add-opens=java.xml/javax.xml.namespace=ALL-UNNAMED -XX:MaxMetaspaceSize=512m -Xmx2048m -Dfile.encoding=windows-1252 -Duser.country=US -Duser.language=en -Duser.variant -javaagent:C:\Users\HomePC\.gradle\wrapper\dists\gradle-8.14.1-bin\baw1sv0jfoi8rxs14qo3h49cs\gradle-8.14.1\lib\agents\gradle-instrumentation-agent-8.14.1.jar org.gradle.launcher.daemon.bootstrap.GradleDaemon 8.14.1

Host: Intel(R) Core(TM) i5-8250U CPU @ 1.60GHz, 8 cores, 7G,  Windows 11 , 64 bit Build 26100 (10.0.26100.4768)
Time: Tue Aug  5 15:43:10 2025 Pakistan Standard Time elapsed time: 4.622349 seconds (0d 0h 0m 4s)

---------------  T H R E A D  ---------------

Current thread (0x0000026f39918410):  JavaThread "Daemon worker" [_thread_in_vm, id=10196, stack(0x000000e353700000,0x000000e353800000)]

Stack: [0x000000e353700000,0x000000e353800000]
Native frames: (J=compiled Java code, j=interpreted, Vv=VM code, C=native code)
V  [jvm.dll+0x67a04a]
V  [jvm.dll+0x7da4ed]
V  [jvm.dll+0x7dbe33]
V  [jvm.dll+0x7dc4a3]
V  [jvm.dll+0x24508f]
V  [jvm.dll+0xab9a4]
V  [jvm.dll+0xabd3c]
V  [jvm.dll+0x38792f]
V  [jvm.dll+0x38b75a]
V  [jvm.dll+0x3e1025]
C  [instrument.dll+0x4a6b]

Java frames: (J=compiled Java code, j=interpreted, Vv=VM code)
J 954  java.lang.ClassLoader.defineClass1(Ljava/lang/ClassLoader;Ljava/lang/String;[BIILjava/security/ProtectionDomain;Ljava/lang/String;)Ljava/lang/Class; java.base@17.0.12 (0 bytes) @ 0x0000026f0f331c63 [0x0000026f0f331ba0+0x00000000000000c3]
J 1393 c1 java.lang.ClassLoader.defineClass(Ljava/lang/String;[BIILjava/security/ProtectionDomain;)Ljava/lang/Class; java.base@17.0.12 (43 bytes) @ 0x0000026f07aabc54 [0x0000026f07aab900+0x0000000000000354]
J 1038 c1 java.security.SecureClassLoader.defineClass(Ljava/lang/String;[BIILjava/security/CodeSource;)Ljava/lang/Class; java.base@17.0.12 (16 bytes) @ 0x0000026f079c350c [0x0000026f079c3440+0x00000000000000cc]
J 1383 c1 java.net.URLClassLoader.defineClass(Ljava/lang/String;Ljdk/internal/loader/Resource;)Ljava/lang/Class; java.base@17.0.12 (224 bytes) @ 0x0000026f07aa3dc4 [0x0000026f07aa2340+0x0000000000001a84]
J 836 c1 java.net.URLClassLoader$1.run()Ljava/lang/Class; java.base@17.0.12 (81 bytes) @ 0x0000026f079668dc [0x0000026f07965ca0+0x0000000000000c3c]
J 835 c1 java.net.URLClassLoader$1.run()Ljava/lang/Object; java.base@17.0.12 (5 bytes) @ 0x0000026f079657c4 [0x0000026f07965740+0x0000000000000084]
J 2460 c2 java.security.AccessController.doPrivileged(Ljava/security/PrivilegedExceptionAction;Ljava/security/AccessControlContext;)Ljava/lang/Object; java.base@17.0.12 (26 bytes) @ 0x0000026f0f3e8678 [0x0000026f0f3e8620+0x0000000000000058]
J 833 c1 java.net.URLClassLoader.findClass(Ljava/lang/String;)Ljava/lang/Class; java.base@17.0.12 (47 bytes) @ 0x0000026f07964a1c [0x0000026f07964880+0x000000000000019c]
J 765 c1 java.lang.ClassLoader.loadClass(Ljava/lang/String;Z)Ljava/lang/Class; java.base@17.0.12 (121 bytes) @ 0x0000026f0793d874 [0x0000026f0793d2c0+0x00000000000005b4]
J 776 c1 java.lang.ClassLoader.loadClass(Ljava/lang/String;)Ljava/lang/Class; java.base@17.0.12 (7 bytes) @ 0x0000026f0794294c [0x0000026f07942840+0x000000000000010c]
v  ~StubRoutines::call_stub
J 954  java.lang.ClassLoader.defineClass1(Ljava/lang/ClassLoader;Ljava/lang/String;[BIILjava/security/ProtectionDomain;Ljava/lang/String;)Ljava/lang/Class; java.base@17.0.12 (0 bytes) @ 0x0000026f0f331c63 [0x0000026f0f331ba0+0x00000000000000c3]
J 1393 c1 java.lang.ClassLoader.defineClass(Ljava/lang/String;[BIILjava/security/ProtectionDomain;)Ljava/lang/Class; java.base@17.0.12 (43 bytes) @ 0x0000026f07aabc54 [0x0000026f07aab900+0x0000000000000354]
J 1038 c1 java.security.SecureClassLoader.defineClass(Ljava/lang/String;[BIILjava/security/CodeSource;)Ljava/lang/Class; java.base@17.0.12 (16 bytes) @ 0x0000026f079c350c [0x0000026f079c3440+0x00000000000000cc]
J 1383 c1 java.net.URLClassLoader.defineClass(Ljava/lang/String;Ljdk/internal/loader/Resource;)Ljava/lang/Class; java.base@17.0.12 (224 bytes) @ 0x0000026f07aa3dc4 [0x0000026f07aa2340+0x0000000000001a84]
J 836 c1 java.net.URLClassLoader$1.run()Ljava/lang/Class; java.base@17.0.12 (81 bytes) @ 0x0000026f079668dc [0x0000026f07965ca0+0x0000000000000c3c]
J 835 c1 java.net.URLClassLoader$1.run()Ljava/lang/Object; java.base@17.0.12 (5 bytes) @ 0x0000026f079657c4 [0x0000026f07965740+0x0000000000000084]
J 2460 c2 java.security.AccessController.doPrivileged(Ljava/security/PrivilegedExceptionAction;Ljava/security/AccessControlContext;)Ljava/lang/Object; java.base@17.0.12 (26 bytes) @ 0x0000026f0f3e8678 [0x0000026f0f3e8620+0x0000000000000058]
J 833 c1 java.net.URLClassLoader.findClass(Ljava/lang/String;)Ljava/lang/Class; java.base@17.0.12 (47 bytes) @ 0x0000026f07964a1c [0x0000026f07964880+0x000000000000019c]
J 765 c1 java.lang.ClassLoader.loadClass(Ljava/lang/String;Z)Ljava/lang/Class; java.base@17.0.12 (121 bytes) @ 0x0000026f0793d874 [0x0000026f0793d2c0+0x00000000000005b4]
J 776 c1 java.lang.ClassLoader.loadClass(Ljava/lang/String;)Ljava/lang/Class; java.base@17.0.12 (7 bytes) @ 0x0000026f0794294c [0x0000026f07942840+0x000000000000010c]
v  ~StubRoutines::call_stub
J 2372  java.lang.Class.getDeclaredConstructors0(Z)[Ljava/lang/reflect/Constructor; java.base@17.0.12 (0 bytes) @ 0x0000026f0f3e4863 [0x0000026f0f3e4820+0x0000000000000043]
J 2357 c1 java.lang.Class.privateGetDeclaredConstructors(Z)[Ljava/lang/reflect/Constructor; java.base@17.0.12 (79 bytes) @ 0x0000026f07c9cd8c [0x0000026f07c9cb00+0x000000000000028c]
j  java.lang.Class.getDeclaredConstructors()[Ljava/lang/reflect/Constructor;+20 java.base@17.0.12
j  org.gradle.internal.service.InjectUtil.selectConstructor(Ljava/lang/Class;)Ljava/lang/reflect/Constructor;+32
j  org.gradle.internal.service.DefaultServiceRegistry$ConstructorService.<init>(Lorg/gradle/internal/service/DefaultServiceRegistry;Lorg/gradle/internal/service/ServiceAccessScope;Lorg/gradle/internal/service/ServiceAccessToken;Ljava/util/List;Ljava/lang/Class;)V+87
j  org.gradle.internal.service.DefaultServiceRegistry$ConstructorService.<init>(Lorg/gradle/internal/service/DefaultServiceRegistry;Lorg/gradle/internal/service/ServiceAccessScope;Lorg/gradle/internal/service/ServiceAccessToken;Ljava/lang/Class;Ljava/lang/Class;)V+11
j  org.gradle.internal.service.DefaultServiceRegistry$ConstructorService.<init>(Lorg/gradle/internal/service/DefaultServiceRegistry;Lorg/gradle/internal/service/ServiceAccessScope;Lorg/gradle/internal/service/ServiceAccessToken;Ljava/lang/Class;Ljava/lang/Class;Lorg/gradle/internal/service/DefaultServiceRegistry$1;)V+8
j  org.gradle.internal.service.DefaultServiceRegistry$1.add(Ljava/lang/Class;Ljava/lang/Class;)V+25
j  org.gradle.internal.service.scopes.BuildScopeServices.configure(Lorg/gradle/internal/service/ServiceRegistration;Lorg/gradle/internal/service/ServiceRegistry;Ljava/util/List;)V+28
v  ~StubRoutines::call_stub
j  jdk.internal.reflect.NativeMethodAccessorImpl.invoke0(Ljava/lang/reflect/Method;Ljava/lang/Object;[Ljava/lang/Object;)Ljava/lang/Object;+0 java.base@17.0.12
j  jdk.internal.reflect.NativeMethodAccessorImpl.invoke(Ljava/lang/Object;[Ljava/lang/Object;)Ljava/lang/Object;+133 java.base@17.0.12
J 2020 c1 jdk.internal.reflect.DelegatingMethodAccessorImpl.invoke(Ljava/lang/Object;[Ljava/lang/Object;)Ljava/lang/Object; java.base@17.0.12 (10 bytes) @ 0x0000026f07bd1ec4 [0x0000026f07bd1dc0+0x0000000000000104]
J 2383 c1 java.lang.reflect.Method.invoke(Ljava/lang/Object;[Ljava/lang/Object;)Ljava/lang/Object; java.base@17.0.12 (65 bytes) @ 0x0000026f07cafcc4 [0x0000026f07caf980+0x0000000000000344]
j  org.gradle.internal.reflect.JavaMethod.invoke(Ljava/lang/Object;[Ljava/lang/Object;)Ljava/lang/Object;+6
j  org.gradle.internal.service.ReflectionBasedServiceMethod.invoke(Ljava/lang/Object;[Ljava/lang/Object;)Ljava/lang/Object;+6
j  org.gradle.internal.service.DefaultServiceRegistry.applyConfigureMethod(Lorg/gradle/internal/service/ServiceAccessToken;Lorg/gradle/internal/service/ServiceMethod;Ljava/lang/Object;)V+146
j  org.gradle.internal.service.DefaultServiceRegistry.findProviderMethods(Lorg/gradle/internal/service/ServiceRegistrationProvider;Lorg/gradle/internal/service/ServiceAccessToken;)V+215
j  org.gradle.internal.service.DefaultServiceRegistry.addProvider(Lorg/gradle/internal/service/ServiceRegistrationProvider;)Lorg/gradle/internal/service/DefaultServiceRegistry;+18
j  org.gradle.internal.service.ServiceRegistryBuilder.build()Lorg/gradle/internal/service/CloseableServiceRegistry;+93
j  org.gradle.internal.build.AbstractBuildState.prepareServices(Lorg/gradle/internal/buildtree/BuildTreeState;Lorg/gradle/api/internal/BuildDefinition;Lorg/gradle/internal/build/BuildModelControllerServices$Supplier;)Lorg/gradle/internal/service/CloseableServiceRegistry;+29
j  org.gradle.internal.build.AbstractBuildState.<init>(Lorg/gradle/internal/buildtree/BuildTreeState;Lorg/gradle/api/internal/BuildDefinition;Lorg/gradle/internal/build/BuildState;)V+38
j  org.gradle.composite.internal.AbstractCompositeParticipantBuildState.<init>(Lorg/gradle/internal/buildtree/BuildTreeState;Lorg/gradle/api/internal/BuildDefinition;Lorg/gradle/internal/build/BuildState;)V+4
j  org.gradle.composite.internal.DefaultRootBuildState.<init>(Lorg/gradle/api/internal/BuildDefinition;Lorg/gradle/internal/buildtree/BuildTreeState;Lorg/gradle/internal/event/ListenerManager;)V+4
j  org.gradle.composite.internal.BuildStateFactory.createRootBuild(Lorg/gradle/api/internal/BuildDefinition;)Lorg/gradle/internal/build/RootBuildState;+13
j  org.gradle.composite.internal.DefaultIncludedBuildRegistry.createRootBuild(Lorg/gradle/api/internal/BuildDefinition;)Lorg/gradle/internal/build/RootBuildState;+23
j  org.gradle.launcher.exec.RootBuildLifecycleBuildActionExecutor.execute(Lorg/gradle/internal/invocation/BuildAction;Lorg/gradle/internal/buildtree/BuildTreeContext;)Lorg/gradle/internal/buildtree/BuildActionRunner$Result;+59
j  org.gradle.internal.buildtree.InitDeprecationLoggingActionExecutor.execute(Lorg/gradle/internal/invocation/BuildAction;Lorg/gradle/internal/buildtree/BuildTreeContext;)Lorg/gradle/internal/buildtree/BuildActionRunner$Result;+83
j  org.gradle.internal.buildtree.InitProblems.execute(Lorg/gradle/internal/invocation/BuildAction;Lorg/gradle/internal/buildtree/BuildTreeContext;)Lorg/gradle/internal/buildtree/BuildActionRunner$Result;+13
j  org.gradle.internal.buildtree.DefaultBuildTreeContext.execute(Lorg/gradle/internal/invocation/BuildAction;)Lorg/gradle/internal/buildtree/BuildActionRunner$Result;+64
j  org.gradle.launcher.exec.BuildTreeLifecycleBuildActionExecutor.lambda$execute$0(Lorg/gradle/internal/invocation/BuildAction;Lorg/gradle/internal/buildtree/BuildTreeContext;)Lorg/gradle/internal/buildtree/BuildActionRunner$Result;+2
j  org.gradle.launcher.exec.BuildTreeLifecycleBuildActionExecutor$$Lambda$218+0x0000026f1a2751d8.apply(Ljava/lang/Object;)Ljava/lang/Object;+8
j  org.gradle.internal.buildtree.BuildTreeState.run(Ljava/util/function/Function;)Ljava/lang/Object;+47
j  org.gradle.launcher.exec.BuildTreeLifecycleBuildActionExecutor.execute(Lorg/gradle/internal/invocation/BuildAction;Lorg/gradle/internal/session/BuildSessionContext;)Lorg/gradle/internal/buildtree/BuildActionRunner$Result;+74
j  org.gradle.launcher.exec.RunAsBuildOperationBuildActionExecutor$2.call(Lorg/gradle/internal/operations/BuildOperationContext;)Lorg/gradle/internal/buildtree/BuildActionRunner$Result;+25
j  org.gradle.launcher.exec.RunAsBuildOperationBuildActionExecutor$2.call(Lorg/gradle/internal/operations/BuildOperationContext;)Ljava/lang/Object;+2
j  org.gradle.internal.operations.DefaultBuildOperationRunner$CallableBuildOperationWorker.execute(Lorg/gradle/internal/operations/CallableBuildOperation;Lorg/gradle/internal/operations/BuildOperationContext;)V+3
j  org.gradle.internal.operations.DefaultBuildOperationRunner$CallableBuildOperationWorker.execute(Lorg/gradle/internal/operations/BuildOperation;Lorg/gradle/internal/operations/BuildOperationContext;)V+6
j  org.gradle.internal.operations.DefaultBuildOperationRunner$2.execute(Lorg/gradle/internal/operations/BuildOperationDescriptor;Lorg/gradle/internal/operations/BuildOperationState;Lorg/gradle/internal/operations/BuildOperationState;Lorg/gradle/internal/operations/DefaultBuildOperationRunner$ReadableBuildOperationContext;Lorg/gradle/internal/operations/DefaultBuildOperationRunner$BuildOperationExecutionListener;)Lorg/gradle/internal/operations/BuildOperation;+22
j  org.gradle.internal.operations.DefaultBuildOperationRunner$2.execute(Lorg/gradle/internal/operations/BuildOperationDescriptor;Lorg/gradle/internal/operations/BuildOperationState;Lorg/gradle/internal/operations/BuildOperationState;Lorg/gradle/internal/operations/DefaultBuildOperationRunner$ReadableBuildOperationContext;Lorg/gradle/internal/operations/DefaultBuildOperationRunner$BuildOperationExecutionListener;)Ljava/lang/Object;+8
j  org.gradle.internal.operations.DefaultBuildOperationRunner.execute(Lorg/gradle/internal/operations/BuildOperationDescriptor$Builder;Lorg/gradle/internal/operations/BuildOperationState;Lorg/gradle/internal/operations/DefaultBuildOperationRunner$BuildOperationExecution;)Ljava/lang/Object;+141
j  org.gradle.internal.operations.DefaultBuildOperationRunner.execute(Lorg/gradle/internal/operations/BuildOperation;Lorg/gradle/internal/operations/BuildOperationWorker;Lorg/gradle/internal/operations/BuildOperationState;)V+18
j  org.gradle.internal.operations.DefaultBuildOperationRunner.call(Lorg/gradle/internal/operations/CallableBuildOperation;)Ljava/lang/Object;+16
j  org.gradle.launcher.exec.RunAsBuildOperationBuildActionExecutor.execute(Lorg/gradle/internal/invocation/BuildAction;Lorg/gradle/internal/session/BuildSessionContext;)Lorg/gradle/internal/buildtree/BuildActionRunner$Result;+23
j  org.gradle.launcher.exec.RunAsWorkerThreadBuildActionExecutor.lambda$execute$0(Lorg/gradle/internal/invocation/BuildAction;Lorg/gradle/internal/session/BuildSessionContext;)Lorg/gradle/internal/buildtree/BuildActionRunner$Result;+6
j  org.gradle.launcher.exec.RunAsWorkerThreadBuildActionExecutor$$Lambda$212+0x0000026f1a2471b8.create()Ljava/lang/Object;+12
j  org.gradle.internal.work.DefaultWorkerLeaseService.withLocks(Ljava/util/Collection;Lorg/gradle/internal/Factory;)Ljava/lang/Object;+28
j  org.gradle.internal.work.DefaultWorkerLeaseService.runAsWorkerThread(Lorg/gradle/internal/Factory;)Ljava/lang/Object;+33
j  org.gradle.launcher.exec.RunAsWorkerThreadBuildActionExecutor.execute(Lorg/gradle/internal/invocation/BuildAction;Lorg/gradle/internal/session/BuildSessionContext;)Lorg/gradle/internal/buildtree/BuildActionRunner$Result;+12
j  org.gradle.tooling.internal.provider.continuous.ContinuousBuildActionExecutor.execute(Lorg/gradle/internal/invocation/BuildAction;Lorg/gradle/internal/session/BuildSessionContext;)Lorg/gradle/internal/buildtree/BuildActionRunner$Result;+58
j  org.gradle.tooling.internal.provider.SubscribableBuildActionExecutor.execute(Lorg/gradle/internal/invocation/BuildAction;Lorg/gradle/internal/session/BuildSessionContext;)Lorg/gradle/internal/buildtree/BuildActionRunner$Result;+30
j  org.gradle.internal.session.DefaultBuildSessionContext.execute(Lorg/gradle/internal/invocation/BuildAction;)Lorg/gradle/internal/buildtree/BuildActionRunner$Result;+64
j  org.gradle.internal.buildprocess.execution.BuildSessionLifecycleBuildActionExecutor$ActionImpl.apply(Lorg/gradle/internal/session/BuildSessionContext;)Lorg/gradle/launcher/exec/BuildActionResult;+6
j  org.gradle.internal.buildprocess.execution.BuildSessionLifecycleBuildActionExecutor$ActionImpl.apply(Ljava/lang/Object;)Ljava/lang/Object;+5
j  org.gradle.internal.session.BuildSessionState.run(Ljava/util/function/Function;)Ljava/lang/Object;+5
j  org.gradle.internal.buildprocess.execution.BuildSessionLifecycleBuildActionExecutor.execute(Lorg/gradle/internal/invocation/BuildAction;Lorg/gradle/launcher/exec/BuildActionParameters;Lorg/gradle/initialization/BuildRequestContext;)Lorg/gradle/launcher/exec/BuildActionResult;+95
j  org.gradle.internal.buildprocess.execution.BuildSessionLifecycleBuildActionExecutor.execute(Lorg/gradle/internal/invocation/BuildAction;Ljava/lang/Object;Ljava/lang/Object;)Lorg/gradle/launcher/exec/BuildActionResult;+10
j  org.gradle.internal.buildprocess.execution.StartParamsValidatingActionExecutor.execute(Lorg/gradle/internal/invocation/BuildAction;Lorg/gradle/launcher/exec/BuildActionParameters;Lorg/gradle/initialization/BuildRequestContext;)Lorg/gradle/launcher/exec/BuildActionResult;+203
j  org.gradle.internal.buildprocess.execution.StartParamsValidatingActionExecutor.execute(Lorg/gradle/internal/invocation/BuildAction;Ljava/lang/Object;Ljava/lang/Object;)Lorg/gradle/launcher/exec/BuildActionResult;+10
j  org.gradle.internal.buildprocess.execution.SessionFailureReportingActionExecutor.execute(Lorg/gradle/internal/invocation/BuildAction;Lorg/gradle/launcher/exec/BuildActionParameters;Lorg/gradle/initialization/BuildRequestContext;)Lorg/gradle/launcher/exec/BuildActionResult;+7
j  org.gradle.internal.buildprocess.execution.SessionFailureReportingActionExecutor.execute(Lorg/gradle/internal/invocation/BuildAction;Ljava/lang/Object;Ljava/lang/Object;)Lorg/gradle/launcher/exec/BuildActionResult;+10
j  org.gradle.internal.buildprocess.execution.SetupLoggingActionExecutor.execute(Lorg/gradle/internal/invocation/BuildAction;Lorg/gradle/launcher/exec/BuildActionParameters;Lorg/gradle/initialization/BuildRequestContext;)Lorg/gradle/launcher/exec/BuildActionResult;+50
j  org.gradle.internal.buildprocess.execution.SetupLoggingActionExecutor.execute(Lorg/gradle/internal/invocation/BuildAction;Ljava/lang/Object;Ljava/lang/Object;)Lorg/gradle/launcher/exec/BuildActionResult;+10
j  org.gradle.launcher.daemon.server.exec.ExecuteBuild.doBuild(Lorg/gradle/launcher/daemon/server/api/DaemonCommandExecution;Lorg/gradle/launcher/daemon/protocol/Build;)V+147
j  org.gradle.launcher.daemon.server.exec.BuildCommandOnly.execute(Lorg/gradle/launcher/daemon/server/api/DaemonCommandExecution;)V+49
j  org.gradle.launcher.daemon.server.api.DaemonCommandExecution.proceed()Z+23
j  org.gradle.launcher.daemon.server.exec.WatchForDisconnection.execute(Lorg/gradle/launcher/daemon/server/api/DaemonCommandExecution;)V+19
j  org.gradle.launcher.daemon.server.api.DaemonCommandExecution.proceed()Z+23
j  org.gradle.launcher.daemon.server.exec.ResetDeprecationLogger.execute(Lorg/gradle/launcher/daemon/server/api/DaemonCommandExecution;)V+7
j  org.gradle.launcher.daemon.server.api.DaemonCommandExecution.proceed()Z+23
j  org.gradle.launcher.daemon.server.exec.RequestStopIfSingleUsedDaemon.execute(Lorg/gradle/launcher/daemon/server/api/DaemonCommandExecution;)V+33
j  org.gradle.launcher.daemon.server.api.DaemonCommandExecution.proceed()Z+23
j  org.gradle.launcher.daemon.server.exec.ForwardClientInput.lambda$execute$0(Lorg/gradle/launcher/daemon/server/api/DaemonCommandExecution;Lorg/gradle/internal/daemon/clientinput/StdinHandler;)Ljava/lang/Object;+11
j  org.gradle.launcher.daemon.server.exec.ForwardClientInput$$Lambda$116+0x0000026f1a1370b8.apply(Ljava/lang/Object;)Ljava/lang/Object;+8
j  org.gradle.internal.daemon.clientinput.ClientInputForwarder.forwardInput(Ljava/util/function/Function;)Ljava/lang/Object;+46
j  org.gradle.launcher.daemon.server.exec.ForwardClientInput.execute(Lorg/gradle/launcher/daemon/server/api/DaemonCommandExecution;)V+10
j  org.gradle.launcher.daemon.server.api.DaemonCommandExecution.proceed()Z+23
j  org.gradle.launcher.daemon.server.exec.LogAndCheckHealth.execute(Lorg/gradle/launcher/daemon/server/api/DaemonCommandExecution;)V+51
j  org.gradle.launcher.daemon.server.api.DaemonCommandExecution.proceed()Z+23
j  org.gradle.launcher.daemon.server.exec.LogToClient.doBuild(Lorg/gradle/launcher/daemon/server/api/DaemonCommandExecution;Lorg/gradle/launcher/daemon/protocol/Build;)V+87
j  org.gradle.launcher.daemon.server.exec.BuildCommandOnly.execute(Lorg/gradle/launcher/daemon/server/api/DaemonCommandExecution;)V+49
j  org.gradle.launcher.daemon.server.api.DaemonCommandExecution.proceed()Z+23
j  org.gradle.launcher.daemon.server.exec.EstablishBuildEnvironment.doBuild(Lorg/gradle/launcher/daemon/server/api/DaemonCommandExecution;Lorg/gradle/launcher/daemon/protocol/Build;)V+356
j  org.gradle.launcher.daemon.server.exec.BuildCommandOnly.execute(Lorg/gradle/launcher/daemon/server/api/DaemonCommandExecution;)V+49
j  org.gradle.launcher.daemon.server.api.DaemonCommandExecution.proceed()Z+23
j  org.gradle.launcher.daemon.server.exec.StartBuildOrRespondWithBusy$1.run()V+44
j  org.gradle.launcher.daemon.server.DaemonStateCoordinator.lambda$runCommand$0(Ljava/lang/Runnable;)V+1
j  org.gradle.launcher.daemon.server.DaemonStateCoordinator$$Lambda$115+0x0000026f1a135d20.run()V+8
j  org.gradle.internal.concurrent.ExecutorPolicy$CatchAndRecordFailures.onExecute(Ljava/lang/Runnable;)V+1
j  org.gradle.internal.concurrent.AbstractManagedExecutor$1.run()V+25
j  java.util.concurrent.ThreadPoolExecutor.runWorker(Ljava/util/concurrent/ThreadPoolExecutor$Worker;)V+92 java.base@17.0.12
j  java.util.concurrent.ThreadPoolExecutor$Worker.run()V+5 java.base@17.0.12
j  java.lang.Thread.run()V+11 java.base@17.0.12
v  ~StubRoutines::call_stub

---------------  P R O C E S S  ---------------

Threads class SMR info:
_java_thread_list=0x0000026f39f8cd10, length=26, elements={
0x0000026f7a27d020, 0x0000026f7fca3390, 0x0000026f7fca3f50, 0x0000026f7fcb8bd0,
0x0000026f7fcbb6a0, 0x0000026f7fcbc670, 0x0000026f7fcbd030, 0x0000026f7fcc11f0,
0x0000026f7fcc51a0, 0x0000026f7fcc5fb0, 0x0000026f7fced9b0, 0x0000026f18ab7990,
0x0000026f399f80e0, 0x0000026f391e99b0, 0x0000026f39aef790, 0x0000026f39921210,
0x0000026f39aeae70, 0x0000026f399174e0, 0x0000026f39918410, 0x0000026f39918e30,
0x0000026f39917f00, 0x0000026f39918920, 0x0000026f39916fd0, 0x0000026f39919340,
0x0000026f39919850, 0x0000026f39f20790
}

Java Threads: ( => current thread )
  0x0000026f7a27d020 JavaThread "main" [_thread_blocked, id=18184, stack(0x000000e351900000,0x000000e351a00000)]
  0x0000026f7fca3390 JavaThread "Reference Handler" daemon [_thread_blocked, id=7488, stack(0x000000e352000000,0x000000e352100000)]
  0x0000026f7fca3f50 JavaThread "Finalizer" daemon [_thread_blocked, id=18160, stack(0x000000e352100000,0x000000e352200000)]
  0x0000026f7fcb8bd0 JavaThread "Signal Dispatcher" daemon [_thread_blocked, id=15616, stack(0x000000e352200000,0x000000e352300000)]
  0x0000026f7fcbb6a0 JavaThread "Attach Listener" daemon [_thread_blocked, id=18656, stack(0x000000e352300000,0x000000e352400000)]
  0x0000026f7fcbc670 JavaThread "Service Thread" daemon [_thread_blocked, id=12960, stack(0x000000e352400000,0x000000e352500000)]
  0x0000026f7fcbd030 JavaThread "Monitor Deflation Thread" daemon [_thread_blocked, id=16112, stack(0x000000e352500000,0x000000e352600000)]
  0x0000026f7fcc11f0 JavaThread "C2 CompilerThread0" daemon [_thread_in_native, id=12124, stack(0x000000e352600000,0x000000e352700000)]
  0x0000026f7fcc51a0 JavaThread "C1 CompilerThread0" daemon [_thread_blocked, id=10420, stack(0x000000e352700000,0x000000e352800000)]
  0x0000026f7fcc5fb0 JavaThread "Sweeper thread" daemon [_thread_blocked, id=13716, stack(0x000000e352800000,0x000000e352900000)]
  0x0000026f7fced9b0 JavaThread "Common-Cleaner" daemon [_thread_blocked, id=3572, stack(0x000000e352900000,0x000000e352a00000)]
  0x0000026f18ab7990 JavaThread "Notification Thread" daemon [_thread_blocked, id=14368, stack(0x000000e352a00000,0x000000e352b00000)]
  0x0000026f399f80e0 JavaThread "Daemon health stats" [_thread_blocked, id=9684, stack(0x000000e352c00000,0x000000e352d00000)]
  0x0000026f391e99b0 JavaThread "Incoming local TCP Connector on port 61335" [_thread_in_native, id=17544, stack(0x000000e353200000,0x000000e353300000)]
  0x0000026f39aef790 JavaThread "Daemon periodic checks" [_thread_blocked, id=4780, stack(0x000000e353300000,0x000000e353400000)]
  0x0000026f39921210 JavaThread "Daemon" [_thread_blocked, id=15228, stack(0x000000e353400000,0x000000e353500000)]
  0x0000026f39aeae70 JavaThread "Handler for socket connection from /127.0.0.1:61335 to /127.0.0.1:61336" [_thread_in_native, id=12360, stack(0x000000e353500000,0x000000e353600000)]
  0x0000026f399174e0 JavaThread "Cancel handler" [_thread_blocked, id=4420, stack(0x000000e353600000,0x000000e353700000)]
=>0x0000026f39918410 JavaThread "Daemon worker" [_thread_in_vm, id=10196, stack(0x000000e353700000,0x000000e353800000)]
  0x0000026f39918e30 JavaThread "Asynchronous log dispatcher for DefaultDaemonConnection: socket connection from /127.0.0.1:61335 to /127.0.0.1:61336" [_thread_blocked, id=12408, stack(0x000000e353800000,0x000000e353900000)]
  0x0000026f39917f00 JavaThread "Stdin handler" [_thread_blocked, id=12540, stack(0x000000e353900000,0x000000e353a00000)]
  0x0000026f39918920 JavaThread "Daemon client event forwarder" [_thread_blocked, id=15740, stack(0x000000e353a00000,0x000000e353b00000)]
  0x0000026f39916fd0 JavaThread "Cache worker for journal cache (C:\Users\HomePC\.gradle\caches\journal-1)" [_thread_blocked, id=17440, stack(0x000000e352d00000,0x000000e352e00000)]
  0x0000026f39919340 JavaThread "File lock request listener" [_thread_in_native, id=18984, stack(0x000000e353b00000,0x000000e353c00000)]
  0x0000026f39919850 JavaThread "Cache worker for file hash cache (C:\Users\HomePC\.gradle\caches\8.14.1\fileHashes)" [_thread_blocked, id=14296, stack(0x000000e353c00000,0x000000e353d00000)]
  0x0000026f39f20790 JavaThread "C2 CompilerThread1" daemon [_thread_in_native, id=18912, stack(0x000000e353d00000,0x000000e353e00000)]

Other Threads:
  0x0000026f7fc92910 VMThread "VM Thread" [stack: 0x000000e351f00000,0x000000e352000000] [id=13984]
  0x0000026f18ab7e70 WatcherThread [stack: 0x000000e352b00000,0x000000e352c00000] [id=11160]
  0x0000026f7a2d7ca0 GCTaskThread "GC Thread#0" [stack: 0x000000e351a00000,0x000000e351b00000] [id=14312]
  0x0000026f381e5b00 GCTaskThread "GC Thread#1" [stack: 0x000000e352e00000,0x000000e352f00000] [id=7360]
  0x0000026f3818aa10 GCTaskThread "GC Thread#2" [stack: 0x000000e352f00000,0x000000e353000000] [id=16396]
  0x0000026f18bd09b0 GCTaskThread "GC Thread#3" [stack: 0x000000e353000000,0x000000e353100000] [id=17504]
  0x0000026f3878d070 GCTaskThread "GC Thread#4" [stack: 0x000000e353100000,0x000000e353200000] [id=13564]
  0x0000026f38862e50 GCTaskThread "GC Thread#5" [stack: 0x000000e353e00000,0x000000e353f00000] [id=17688]
  0x0000026f39b75050 GCTaskThread "GC Thread#6" [stack: 0x000000e353f00000,0x000000e354000000] [id=18744]
  0x0000026f3b498910 GCTaskThread "GC Thread#7" [stack: 0x000000e354000000,0x000000e354100000] [id=9496]
  0x0000026f7a2e98c0 ConcurrentGCThread "G1 Main Marker" [stack: 0x000000e351b00000,0x000000e351c00000] [id=3908]
  0x0000026f7a2eaa70 ConcurrentGCThread "G1 Conc#0" [stack: 0x000000e351c00000,0x000000e351d00000] [id=2280]
  0x0000026f7fb4a180 ConcurrentGCThread "G1 Refine#0" [stack: 0x000000e351d00000,0x000000e351e00000] [id=5816]
  0x0000026f7fb4b870 ConcurrentGCThread "G1 Service" [stack: 0x000000e351e00000,0x000000e351f00000] [id=7820]

Threads with active compile tasks:
C2 CompilerThread0     4666 2384   !   4       java.lang.ClassLoader::loadClass (121 bytes)
C2 CompilerThread1     4666 2516   !   4       java.net.URLClassLoader::findClass (47 bytes)

VM state: not at safepoint (normal execution)

VM Mutex/Monitor currently owned by a thread: None

Heap address: 0x0000000080000000, size: 2048 MB, Compressed Oops mode: 32-bit

CDS archive(s) mapped at: [0x0000026f19000000-0x0000026f19bd0000-0x0000026f19bd0000), size 12386304, SharedBaseAddress: 0x0000026f19000000, ArchiveRelocationMode: 1.
Compressed class space mapped at: 0x0000026f1a000000-0x0000026f34000000, reserved size: 436207616
Narrow klass base: 0x0000026f19000000, Narrow klass shift: 0, Narrow klass range: 0x100000000

GC Precious Log:
 CPUs: 8 total, 8 available
 Memory: 8060M
 Large Page Support: Disabled
 NUMA Support: Disabled
 Compressed Oops: Enabled (32-bit)
 Heap Region Size: 1M
 Heap Min Capacity: 8M
 Heap Initial Capacity: 126M
 Heap Max Capacity: 2G
 Pre-touch: Disabled
 Parallel Workers: 8
 Concurrent Workers: 2
 Concurrent Refinement Workers: 8
 Periodic GC: Disabled

Heap:
 garbage-first heap   total 129024K, used 30618K [0x0000000080000000, 0x0000000100000000)
  region size 1024K, 20 young (20480K), 10 survivors (10240K)
 Metaspace       used 17940K, committed 18304K, reserved 491520K
  class space    used 2570K, committed 2752K, reserved 425984K

Heap Regions: E=young(eden), S=young(survivor), O=old, HS=humongous(starts), HC=humongous(continues), CS=collection set, F=free, OA=open archive, CA=closed archive, TAMS=top-at-mark-start (previous, next)
|   0|0x0000000080000000, 0x0000000080100000, 0x0000000080100000|100%|HS|  |TAMS 0x0000000080000000, 0x0000000080000000| Complete 
|   1|0x0000000080100000, 0x0000000080200000, 0x0000000080200000|100%|HC|  |TAMS 0x0000000080100000, 0x0000000080100000| Complete 
|   2|0x0000000080200000, 0x0000000080300000, 0x0000000080300000|100%|HC|  |TAMS 0x0000000080200000, 0x0000000080200000| Complete 
|   3|0x0000000080300000, 0x0000000080400000, 0x0000000080400000|100%| O|  |TAMS 0x0000000080300000, 0x0000000080300000| Untracked 
|   4|0x0000000080400000, 0x0000000080500000, 0x0000000080500000|100%| O|  |TAMS 0x0000000080400000, 0x0000000080400000| Untracked 
|   5|0x0000000080500000, 0x0000000080600000, 0x0000000080600000|100%| O|  |TAMS 0x0000000080500000, 0x0000000080500000| Untracked 
|   6|0x0000000080600000, 0x0000000080700000, 0x0000000080700000|100%|HS|  |TAMS 0x0000000080600000, 0x0000000080600000| Complete 
|   7|0x0000000080700000, 0x0000000080700000, 0x0000000080800000|  0%| F|  |TAMS 0x0000000080700000, 0x0000000080700000| Untracked 
|   8|0x0000000080800000, 0x0000000080900000, 0x0000000080900000|100%| O|  |TAMS 0x0000000080800000, 0x0000000080800000| Untracked 
|   9|0x0000000080900000, 0x0000000080a00000, 0x0000000080a00000|100%| O|  |TAMS 0x0000000080900000, 0x0000000080900000| Untracked 
|  10|0x0000000080a00000, 0x0000000080b00000, 0x0000000080b00000|100%| O|  |TAMS 0x0000000080a00000, 0x0000000080a00000| Untracked 
|  11|0x0000000080b00000, 0x0000000080c00000, 0x0000000080c00000|100%| O|  |TAMS 0x0000000080b00000, 0x0000000080b00000| Untracked 
|  12|0x0000000080c00000, 0x0000000080c71000, 0x0000000080d00000| 44%| O|  |TAMS 0x0000000080c00000, 0x0000000080c00000| Untracked 
|  13|0x0000000080d00000, 0x0000000080d00000, 0x0000000080e00000|  0%| F|  |TAMS 0x0000000080d00000, 0x0000000080d00000| Untracked 
|  14|0x0000000080e00000, 0x0000000080e00000, 0x0000000080f00000|  0%| F|  |TAMS 0x0000000080e00000, 0x0000000080e00000| Untracked 
|  15|0x0000000080f00000, 0x0000000080f00000, 0x0000000081000000|  0%| F|  |TAMS 0x0000000080f00000, 0x0000000080f00000| Untracked 
|  16|0x0000000081000000, 0x0000000081000000, 0x0000000081100000|  0%| F|  |TAMS 0x0000000081000000, 0x0000000081000000| Untracked 
|  17|0x0000000081100000, 0x0000000081100000, 0x0000000081200000|  0%| F|  |TAMS 0x0000000081100000, 0x0000000081100000| Untracked 
|  18|0x0000000081200000, 0x0000000081200000, 0x0000000081300000|  0%| F|  |TAMS 0x0000000081200000, 0x0000000081200000| Untracked 
|  19|0x0000000081300000, 0x0000000081300000, 0x0000000081400000|  0%| F|  |TAMS 0x0000000081300000, 0x0000000081300000| Untracked 
|  20|0x0000000081400000, 0x0000000081400000, 0x0000000081500000|  0%| F|  |TAMS 0x0000000081400000, 0x0000000081400000| Untracked 
|  21|0x0000000081500000, 0x0000000081500000, 0x0000000081600000|  0%| F|  |TAMS 0x0000000081500000, 0x0000000081500000| Untracked 
|  22|0x0000000081600000, 0x0000000081600000, 0x0000000081700000|  0%| F|  |TAMS 0x0000000081600000, 0x0000000081600000| Untracked 
|  23|0x0000000081700000, 0x0000000081700000, 0x0000000081800000|  0%| F|  |TAMS 0x0000000081700000, 0x0000000081700000| Untracked 
|  24|0x0000000081800000, 0x0000000081800000, 0x0000000081900000|  0%| F|  |TAMS 0x0000000081800000, 0x0000000081800000| Untracked 
|  25|0x0000000081900000, 0x0000000081900000, 0x0000000081a00000|  0%| F|  |TAMS 0x0000000081900000, 0x0000000081900000| Untracked 
|  26|0x0000000081a00000, 0x0000000081a00000, 0x0000000081b00000|  0%| F|  |TAMS 0x0000000081a00000, 0x0000000081a00000| Untracked 
|  27|0x0000000081b00000, 0x0000000081b00000, 0x0000000081c00000|  0%| F|  |TAMS 0x0000000081b00000, 0x0000000081b00000| Untracked 
|  28|0x0000000081c00000, 0x0000000081c00000, 0x0000000081d00000|  0%| F|  |TAMS 0x0000000081c00000, 0x0000000081c00000| Untracked 
|  29|0x0000000081d00000, 0x0000000081d00000, 0x0000000081e00000|  0%| F|  |TAMS 0x0000000081d00000, 0x0000000081d00000| Untracked 
|  30|0x0000000081e00000, 0x0000000081e00000, 0x0000000081f00000|  0%| F|  |TAMS 0x0000000081e00000, 0x0000000081e00000| Untracked 
|  31|0x0000000081f00000, 0x0000000081f00000, 0x0000000082000000|  0%| F|  |TAMS 0x0000000081f00000, 0x0000000081f00000| Untracked 
|  32|0x0000000082000000, 0x0000000082000000, 0x0000000082100000|  0%| F|  |TAMS 0x0000000082000000, 0x0000000082000000| Untracked 
|  33|0x0000000082100000, 0x0000000082100000, 0x0000000082200000|  0%| F|  |TAMS 0x0000000082100000, 0x0000000082100000| Untracked 
|  34|0x0000000082200000, 0x0000000082200000, 0x0000000082300000|  0%| F|  |TAMS 0x0000000082200000, 0x0000000082200000| Untracked 
|  35|0x0000000082300000, 0x0000000082300000, 0x0000000082400000|  0%| F|  |TAMS 0x0000000082300000, 0x0000000082300000| Untracked 
|  36|0x0000000082400000, 0x0000000082400000, 0x0000000082500000|  0%| F|  |TAMS 0x0000000082400000, 0x0000000082400000| Untracked 
|  37|0x0000000082500000, 0x0000000082500000, 0x0000000082600000|  0%| F|  |TAMS 0x0000000082500000, 0x0000000082500000| Untracked 
|  38|0x0000000082600000, 0x0000000082600000, 0x0000000082700000|  0%| F|  |TAMS 0x0000000082600000, 0x0000000082600000| Untracked 
|  39|0x0000000082700000, 0x0000000082700000, 0x0000000082800000|  0%| F|  |TAMS 0x0000000082700000, 0x0000000082700000| Untracked 
|  40|0x0000000082800000, 0x0000000082800000, 0x0000000082900000|  0%| F|  |TAMS 0x0000000082800000, 0x0000000082800000| Untracked 
|  41|0x0000000082900000, 0x0000000082975a58, 0x0000000082a00000| 45%| S|CS|TAMS 0x0000000082900000, 0x0000000082900000| Complete 
|  42|0x0000000082a00000, 0x0000000082b00000, 0x0000000082b00000|100%| S|CS|TAMS 0x0000000082a00000, 0x0000000082a00000| Complete 
|  43|0x0000000082b00000, 0x0000000082c00000, 0x0000000082c00000|100%| S|CS|TAMS 0x0000000082b00000, 0x0000000082b00000| Complete 
|  44|0x0000000082c00000, 0x0000000082d00000, 0x0000000082d00000|100%| S|CS|TAMS 0x0000000082c00000, 0x0000000082c00000| Complete 
|  45|0x0000000082d00000, 0x0000000082e00000, 0x0000000082e00000|100%| S|CS|TAMS 0x0000000082d00000, 0x0000000082d00000| Complete 
|  46|0x0000000082e00000, 0x0000000082f00000, 0x0000000082f00000|100%| S|CS|TAMS 0x0000000082e00000, 0x0000000082e00000| Complete 
|  47|0x0000000082f00000, 0x0000000083000000, 0x0000000083000000|100%| S|CS|TAMS 0x0000000082f00000, 0x0000000082f00000| Complete 
|  48|0x0000000083000000, 0x0000000083100000, 0x0000000083100000|100%| S|CS|TAMS 0x0000000083000000, 0x0000000083000000| Complete 
|  49|0x0000000083100000, 0x0000000083200000, 0x0000000083200000|100%| S|CS|TAMS 0x0000000083100000, 0x0000000083100000| Complete 
|  50|0x0000000083200000, 0x0000000083300000, 0x0000000083300000|100%| S|CS|TAMS 0x0000000083200000, 0x0000000083200000| Complete 
|  51|0x0000000083300000, 0x0000000083300000, 0x0000000083400000|  0%| F|  |TAMS 0x0000000083300000, 0x0000000083300000| Untracked 
|  52|0x0000000083400000, 0x0000000083400000, 0x0000000083500000|  0%| F|  |TAMS 0x0000000083400000, 0x0000000083400000| Untracked 
|  53|0x0000000083500000, 0x0000000083500000, 0x0000000083600000|  0%| F|  |TAMS 0x0000000083500000, 0x0000000083500000| Untracked 
|  54|0x0000000083600000, 0x0000000083600000, 0x0000000083700000|  0%| F|  |TAMS 0x0000000083600000, 0x0000000083600000| Untracked 
|  55|0x0000000083700000, 0x0000000083700000, 0x0000000083800000|  0%| F|  |TAMS 0x0000000083700000, 0x0000000083700000| Untracked 
|  56|0x0000000083800000, 0x0000000083800000, 0x0000000083900000|  0%| F|  |TAMS 0x0000000083800000, 0x0000000083800000| Untracked 
|  57|0x0000000083900000, 0x0000000083900000, 0x0000000083a00000|  0%| F|  |TAMS 0x0000000083900000, 0x0000000083900000| Untracked 
|  58|0x0000000083a00000, 0x0000000083a00000, 0x0000000083b00000|  0%| F|  |TAMS 0x0000000083a00000, 0x0000000083a00000| Untracked 
|  59|0x0000000083b00000, 0x0000000083b00000, 0x0000000083c00000|  0%| F|  |TAMS 0x0000000083b00000, 0x0000000083b00000| Untracked 
|  60|0x0000000083c00000, 0x0000000083c00000, 0x0000000083d00000|  0%| F|  |TAMS 0x0000000083c00000, 0x0000000083c00000| Untracked 
|  61|0x0000000083d00000, 0x0000000083d00000, 0x0000000083e00000|  0%| F|  |TAMS 0x0000000083d00000, 0x0000000083d00000| Untracked 
|  62|0x0000000083e00000, 0x0000000083e00000, 0x0000000083f00000|  0%| F|  |TAMS 0x0000000083e00000, 0x0000000083e00000| Untracked 
|  63|0x0000000083f00000, 0x0000000083f00000, 0x0000000084000000|  0%| F|  |TAMS 0x0000000083f00000, 0x0000000083f00000| Untracked 
|  64|0x0000000084000000, 0x0000000084000000, 0x0000000084100000|  0%| F|  |TAMS 0x0000000084000000, 0x0000000084000000| Untracked 
|  65|0x0000000084100000, 0x0000000084100000, 0x0000000084200000|  0%| F|  |TAMS 0x0000000084100000, 0x0000000084100000| Untracked 
|  66|0x0000000084200000, 0x0000000084200000, 0x0000000084300000|  0%| F|  |TAMS 0x0000000084200000, 0x0000000084200000| Untracked 
|  67|0x0000000084300000, 0x0000000084300000, 0x0000000084400000|  0%| F|  |TAMS 0x0000000084300000, 0x0000000084300000| Untracked 
|  68|0x0000000084400000, 0x0000000084400000, 0x0000000084500000|  0%| F|  |TAMS 0x0000000084400000, 0x0000000084400000| Untracked 
|  69|0x0000000084500000, 0x0000000084500000, 0x0000000084600000|  0%| F|  |TAMS 0x0000000084500000, 0x0000000084500000| Untracked 
|  70|0x0000000084600000, 0x0000000084600000, 0x0000000084700000|  0%| F|  |TAMS 0x0000000084600000, 0x0000000084600000| Untracked 
|  71|0x0000000084700000, 0x0000000084700000, 0x0000000084800000|  0%| F|  |TAMS 0x0000000084700000, 0x0000000084700000| Untracked 
|  72|0x0000000084800000, 0x0000000084800000, 0x0000000084900000|  0%| F|  |TAMS 0x0000000084800000, 0x0000000084800000| Untracked 
|  73|0x0000000084900000, 0x0000000084900000, 0x0000000084a00000|  0%| F|  |TAMS 0x0000000084900000, 0x0000000084900000| Untracked 
|  74|0x0000000084a00000, 0x0000000084a00000, 0x0000000084b00000|  0%| F|  |TAMS 0x0000000084a00000, 0x0000000084a00000| Untracked 
|  75|0x0000000084b00000, 0x0000000084b00000, 0x0000000084c00000|  0%| F|  |TAMS 0x0000000084b00000, 0x0000000084b00000| Untracked 
|  76|0x0000000084c00000, 0x0000000084c00000, 0x0000000084d00000|  0%| F|  |TAMS 0x0000000084c00000, 0x0000000084c00000| Untracked 
|  77|0x0000000084d00000, 0x0000000084d00000, 0x0000000084e00000|  0%| F|  |TAMS 0x0000000084d00000, 0x0000000084d00000| Untracked 
|  78|0x0000000084e00000, 0x0000000084e00000, 0x0000000084f00000|  0%| F|  |TAMS 0x0000000084e00000, 0x0000000084e00000| Untracked 
|  79|0x0000000084f00000, 0x0000000084f00000, 0x0000000085000000|  0%| F|  |TAMS 0x0000000084f00000, 0x0000000084f00000| Untracked 
|  80|0x0000000085000000, 0x0000000085000000, 0x0000000085100000|  0%| F|  |TAMS 0x0000000085000000, 0x0000000085000000| Untracked 
|  81|0x0000000085100000, 0x0000000085100000, 0x0000000085200000|  0%| F|  |TAMS 0x0000000085100000, 0x0000000085100000| Untracked 
|  82|0x0000000085200000, 0x0000000085200000, 0x0000000085300000|  0%| F|  |TAMS 0x0000000085200000, 0x0000000085200000| Untracked 
|  83|0x0000000085300000, 0x0000000085300000, 0x0000000085400000|  0%| F|  |TAMS 0x0000000085300000, 0x0000000085300000| Untracked 
|  84|0x0000000085400000, 0x0000000085400000, 0x0000000085500000|  0%| F|  |TAMS 0x0000000085400000, 0x0000000085400000| Untracked 
|  85|0x0000000085500000, 0x0000000085500000, 0x0000000085600000|  0%| F|  |TAMS 0x0000000085500000, 0x0000000085500000| Untracked 
|  86|0x0000000085600000, 0x0000000085600000, 0x0000000085700000|  0%| F|  |TAMS 0x0000000085600000, 0x0000000085600000| Untracked 
|  87|0x0000000085700000, 0x0000000085700000, 0x0000000085800000|  0%| F|  |TAMS 0x0000000085700000, 0x0000000085700000| Untracked 
|  88|0x0000000085800000, 0x0000000085800000, 0x0000000085900000|  0%| F|  |TAMS 0x0000000085800000, 0x0000000085800000| Untracked 
|  89|0x0000000085900000, 0x0000000085900000, 0x0000000085a00000|  0%| F|  |TAMS 0x0000000085900000, 0x0000000085900000| Untracked 
|  90|0x0000000085a00000, 0x0000000085a00000, 0x0000000085b00000|  0%| F|  |TAMS 0x0000000085a00000, 0x0000000085a00000| Untracked 
|  91|0x0000000085b00000, 0x0000000085b00000, 0x0000000085c00000|  0%| F|  |TAMS 0x0000000085b00000, 0x0000000085b00000| Untracked 
|  92|0x0000000085c00000, 0x0000000085c00000, 0x0000000085d00000|  0%| F|  |TAMS 0x0000000085c00000, 0x0000000085c00000| Untracked 
|  93|0x0000000085d00000, 0x0000000085d00000, 0x0000000085e00000|  0%| F|  |TAMS 0x0000000085d00000, 0x0000000085d00000| Untracked 
|  94|0x0000000085e00000, 0x0000000085e00000, 0x0000000085f00000|  0%| F|  |TAMS 0x0000000085e00000, 0x0000000085e00000| Untracked 
|  95|0x0000000085f00000, 0x0000000085f00000, 0x0000000086000000|  0%| F|  |TAMS 0x0000000085f00000, 0x0000000085f00000| Untracked 
|  96|0x0000000086000000, 0x0000000086000000, 0x0000000086100000|  0%| F|  |TAMS 0x0000000086000000, 0x0000000086000000| Untracked 
|  97|0x0000000086100000, 0x0000000086100000, 0x0000000086200000|  0%| F|  |TAMS 0x0000000086100000, 0x0000000086100000| Untracked 
|  98|0x0000000086200000, 0x0000000086200000, 0x0000000086300000|  0%| F|  |TAMS 0x0000000086200000, 0x0000000086200000| Untracked 
|  99|0x0000000086300000, 0x0000000086300000, 0x0000000086400000|  0%| F|  |TAMS 0x0000000086300000, 0x0000000086300000| Untracked 
| 100|0x0000000086400000, 0x0000000086400000, 0x0000000086500000|  0%| F|  |TAMS 0x0000000086400000, 0x0000000086400000| Untracked 
| 101|0x0000000086500000, 0x0000000086500000, 0x0000000086600000|  0%| F|  |TAMS 0x0000000086500000, 0x0000000086500000| Untracked 
| 102|0x0000000086600000, 0x0000000086600000, 0x0000000086700000|  0%| F|  |TAMS 0x0000000086600000, 0x0000000086600000| Untracked 
| 103|0x0000000086700000, 0x0000000086700000, 0x0000000086800000|  0%| F|  |TAMS 0x0000000086700000, 0x0000000086700000| Untracked 
| 104|0x0000000086800000, 0x0000000086800000, 0x0000000086900000|  0%| F|  |TAMS 0x0000000086800000, 0x0000000086800000| Untracked 
| 105|0x0000000086900000, 0x0000000086900000, 0x0000000086a00000|  0%| F|  |TAMS 0x0000000086900000, 0x0000000086900000| Untracked 
| 106|0x0000000086a00000, 0x0000000086a00000, 0x0000000086b00000|  0%| F|  |TAMS 0x0000000086a00000, 0x0000000086a00000| Untracked 
| 107|0x0000000086b00000, 0x0000000086b00000, 0x0000000086c00000|  0%| F|  |TAMS 0x0000000086b00000, 0x0000000086b00000| Untracked 
| 108|0x0000000086c00000, 0x0000000086c00000, 0x0000000086d00000|  0%| F|  |TAMS 0x0000000086c00000, 0x0000000086c00000| Untracked 
| 109|0x0000000086d00000, 0x0000000086d00000, 0x0000000086e00000|  0%| F|  |TAMS 0x0000000086d00000, 0x0000000086d00000| Untracked 
| 110|0x0000000086e00000, 0x0000000086e00000, 0x0000000086f00000|  0%| F|  |TAMS 0x0000000086e00000, 0x0000000086e00000| Untracked 
| 111|0x0000000086f00000, 0x0000000086f00000, 0x0000000087000000|  0%| F|  |TAMS 0x0000000086f00000, 0x0000000086f00000| Untracked 
| 112|0x0000000087000000, 0x0000000087000000, 0x0000000087100000|  0%| F|  |TAMS 0x0000000087000000, 0x0000000087000000| Untracked 
| 113|0x0000000087100000, 0x0000000087100000, 0x0000000087200000|  0%| F|  |TAMS 0x0000000087100000, 0x0000000087100000| Untracked 
| 114|0x0000000087200000, 0x0000000087200000, 0x0000000087300000|  0%| F|  |TAMS 0x0000000087200000, 0x0000000087200000| Untracked 
| 115|0x0000000087300000, 0x0000000087300000, 0x0000000087400000|  0%| F|  |TAMS 0x0000000087300000, 0x0000000087300000| Untracked 
| 116|0x0000000087400000, 0x0000000087480800, 0x0000000087500000| 50%| E|  |TAMS 0x0000000087400000, 0x0000000087400000| Complete 
| 117|0x0000000087500000, 0x0000000087600000, 0x0000000087600000|100%| E|CS|TAMS 0x0000000087500000, 0x0000000087500000| Complete 
| 118|0x0000000087600000, 0x0000000087700000, 0x0000000087700000|100%| E|CS|TAMS 0x0000000087600000, 0x0000000087600000| Complete 
| 119|0x0000000087700000, 0x0000000087800000, 0x0000000087800000|100%| E|CS|TAMS 0x0000000087700000, 0x0000000087700000| Complete 
| 120|0x0000000087800000, 0x0000000087900000, 0x0000000087900000|100%| E|CS|TAMS 0x0000000087800000, 0x0000000087800000| Complete 
| 121|0x0000000087900000, 0x0000000087a00000, 0x0000000087a00000|100%| E|CS|TAMS 0x0000000087900000, 0x0000000087900000| Complete 
| 122|0x0000000087a00000, 0x0000000087b00000, 0x0000000087b00000|100%| E|CS|TAMS 0x0000000087a00000, 0x0000000087a00000| Complete 
| 123|0x0000000087b00000, 0x0000000087c00000, 0x0000000087c00000|100%| E|CS|TAMS 0x0000000087b00000, 0x0000000087b00000| Complete 
| 124|0x0000000087c00000, 0x0000000087d00000, 0x0000000087d00000|100%| E|CS|TAMS 0x0000000087c00000, 0x0000000087c00000| Complete 
| 125|0x0000000087d00000, 0x0000000087e00000, 0x0000000087e00000|100%| E|CS|TAMS 0x0000000087d00000, 0x0000000087d00000| Complete 

Card table byte_map: [0x0000026f7aa70000,0x0000026f7ae70000] _byte_map_base: 0x0000026f7a670000

Marking Bits (Prev, Next): (CMBitMap*) 0x0000026f7a2d82c0, (CMBitMap*) 0x0000026f7a2d8300
 Prev Bits: [0x0000026f7b270000, 0x0000026f7d270000)
 Next Bits: [0x0000026f7d270000, 0x0000026f7f270000)

Polling page: 0x0000026f78170000

Metaspace:

Usage:
  Non-class:     15.01 MB used.
      Class:      2.51 MB used.
       Both:     17.52 MB used.

Virtual space:
  Non-class space:       64.00 MB reserved,      15.19 MB ( 24%) committed,  1 nodes.
      Class space:      416.00 MB reserved,       2.69 MB ( <1%) committed,  1 nodes.
             Both:      480.00 MB reserved,      17.88 MB (  4%) committed. 

Chunk freelists:
   Non-Class:  608.00 KB
       Class:  13.36 MB
        Both:  13.95 MB

MaxMetaspaceSize: 512.00 MB
CompressedClassSpaceSize: 416.00 MB
Initial GC threshold: 21.00 MB
Current GC threshold: 21.00 MB
CDS: on
MetaspaceReclaimPolicy: balanced
 - commit_granule_bytes: 65536.
 - commit_granule_words: 8192.
 - virtual_space_node_default_size: 8388608.
 - enlarge_chunks_in_place: 1.
 - new_chunks_are_fully_committed: 0.
 - uncommit_free_chunks: 1.
 - use_allocation_guard: 0.
 - handle_deallocations: 1.


Internal statistics:

num_allocs_failed_limit: 0.
num_arena_births: 194.
num_arena_deaths: 0.
num_vsnodes_births: 2.
num_vsnodes_deaths: 0.
num_space_committed: 286.
num_space_uncommitted: 0.
num_chunks_returned_to_freelist: 0.
num_chunks_taken_from_freelist: 801.
num_chunk_merges: 0.
num_chunk_splits: 533.
num_chunks_enlarged: 401.
num_inconsistent_stats: 0.

CodeHeap 'non-profiled nmethods': size=120000Kb used=1207Kb max_used=1207Kb free=118792Kb
 bounds [0x0000026f0f2c0000, 0x0000026f0f530000, 0x0000026f167f0000]
CodeHeap 'profiled nmethods': size=120000Kb used=5189Kb max_used=5189Kb free=114810Kb
 bounds [0x0000026f077f0000, 0x0000026f07d10000, 0x0000026f0ed20000]
CodeHeap 'non-nmethods': size=5760Kb used=1235Kb max_used=1253Kb free=4524Kb
 bounds [0x0000026f0ed20000, 0x0000026f0ef90000, 0x0000026f0f2c0000]
 total_blobs=3065 nmethods=2523 adapters=454
 compilation: enabled
              stopped_count=0, restarted_count=0
 full_count=0

Compilation events (20 events):
Event: 4.561 Thread 0x0000026f7fcc51a0 nmethod 2514 0x0000026f07cf5b90 code [0x0000026f07cf5d20, 0x0000026f07cf5e28]
Event: 4.563 Thread 0x0000026f39f20790 nmethod 2515 0x0000026f0f3edb90 code [0x0000026f0f3edd00, 0x0000026f0f3ede18]
Event: 4.573 Thread 0x0000026f39f20790 2516   !   4       java.net.URLClassLoader::findClass (47 bytes)
Event: 4.574 Thread 0x0000026f7fcc51a0 2519       3       org.gradle.internal.service.ServiceScopeValidator::getAnnotations (4 bytes)
Event: 4.574 Thread 0x0000026f7fcc51a0 nmethod 2519 0x0000026f07cf5f10 code [0x0000026f07cf60a0, 0x0000026f07cf61b8]
Event: 4.600 Thread 0x0000026f7fcc51a0 2520       3       java.lang.reflect.Method::getGenericReturnType (20 bytes)
Event: 4.603 Thread 0x0000026f7fcc51a0 nmethod 2520 0x0000026f07cf6290 code [0x0000026f07cf6540, 0x0000026f07cf7678]
Event: 4.605 Thread 0x0000026f7fcc51a0 2521       3       org.gradle.internal.service.RelevantMethods$RelevantMethodsBuilder::add (101 bytes)
Event: 4.607 Thread 0x0000026f7fcc51a0 nmethod 2521 0x0000026f07cf7b90 code [0x0000026f07cf7e60, 0x0000026f07cf8be8]
Event: 4.607 Thread 0x0000026f7fcc51a0 2527       3       org.gradle.internal.service.DefaultServiceRegistry$SingletonService::<init> (58 bytes)
Event: 4.608 Thread 0x0000026f7fcc51a0 nmethod 2527 0x0000026f07cf9190 code [0x0000026f07cf93e0, 0x0000026f07cf9f68]
Event: 4.608 Thread 0x0000026f7fcc51a0 2522   !   3       org.gradle.internal.service.MethodHandleBasedServiceMethodFactory::toServiceMethod (51 bytes)
Event: 4.611 Thread 0x0000026f7fcc51a0 nmethod 2522 0x0000026f07cfa310 code [0x0000026f07cfa680, 0x0000026f07cfbd78]
Event: 4.611 Thread 0x0000026f7fcc51a0 2528       3       org.gradle.internal.service.DefaultServiceRegistry$SingletonService::getAll (38 bytes)
Event: 4.612 Thread 0x0000026f7fcc51a0 nmethod 2528 0x0000026f07cfc490 code [0x0000026f07cfc680, 0x0000026f07cfcab8]
Event: 4.612 Thread 0x0000026f7fcc51a0 2523       3       java.lang.reflect.Method::getGenericParameterTypes (5 bytes)
Event: 4.615 Thread 0x0000026f7fcc51a0 nmethod 2523 0x0000026f07cfcc90 code [0x0000026f07cfcf40, 0x0000026f07cfdff8]
Event: 4.615 Thread 0x0000026f7fcc51a0 2524       3       java.lang.reflect.Method::hasGenericInformation (13 bytes)
Event: 4.615 Thread 0x0000026f7fcc51a0 nmethod 2524 0x0000026f07cfe510 code [0x0000026f07cfe6a0, 0x0000026f07cfe818]
Event: 4.615 Thread 0x0000026f7fcc51a0 2525       3       org.gradle.internal.service.AbstractServiceMethod::<init> (42 bytes)

GC Heap History (8 events):
Event: 0.588 GC heap before
{Heap before GC invocations=0 (full 0):
 garbage-first heap   total 129024K, used 23552K [0x0000000080000000, 0x0000000100000000)
  region size 1024K, 23 young (23552K), 0 survivors (0K)
 Metaspace       used 1029K, committed 1152K, reserved 491520K
  class space    used 72K, committed 128K, reserved 425984K
}
Event: 0.592 GC heap after
{Heap after GC invocations=1 (full 0):
 garbage-first heap   total 129024K, used 1893K [0x0000000080000000, 0x0000000100000000)
  region size 1024K, 2 young (2048K), 2 survivors (2048K)
 Metaspace       used 1029K, committed 1152K, reserved 491520K
  class space    used 72K, committed 128K, reserved 425984K
}
Event: 1.679 GC heap before
{Heap before GC invocations=1 (full 0):
 garbage-first heap   total 129024K, used 39781K [0x0000000080000000, 0x0000000100000000)
  region size 1024K, 37 young (37888K), 2 survivors (2048K)
 Metaspace       used 4347K, committed 4544K, reserved 491520K
  class space    used 547K, committed 640K, reserved 425984K
}
Event: 1.690 GC heap after
{Heap after GC invocations=2 (full 0):
 garbage-first heap   total 129024K, used 10822K [0x0000000080000000, 0x0000000100000000)
  region size 1024K, 5 young (5120K), 5 survivors (5120K)
 Metaspace       used 4347K, committed 4544K, reserved 491520K
  class space    used 547K, committed 640K, reserved 425984K
}
Event: 2.415 GC heap before
{Heap before GC invocations=2 (full 0):
 garbage-first heap   total 129024K, used 59974K [0x0000000080000000, 0x0000000100000000)
  region size 1024K, 51 young (52224K), 5 survivors (5120K)
 Metaspace       used 4612K, committed 4800K, reserved 491520K
  class space    used 585K, committed 704K, reserved 425984K
}
Event: 2.424 GC heap after
{Heap after GC invocations=3 (full 0):
 garbage-first heap   total 129024K, used 15963K [0x0000000080000000, 0x0000000100000000)
  region size 1024K, 5 young (5120K), 5 survivors (5120K)
 Metaspace       used 4612K, committed 4800K, reserved 491520K
  class space    used 585K, committed 704K, reserved 425984K
}
Event: 4.382 GC heap before
{Heap before GC invocations=3 (full 0):
 garbage-first heap   total 129024K, used 87643K [0x0000000080000000, 0x0000000100000000)
  region size 1024K, 75 young (76800K), 5 survivors (5120K)
 Metaspace       used 16756K, committed 17024K, reserved 491520K
  class space    used 2367K, committed 2496K, reserved 425984K
}
Event: 4.394 GC heap after
{Heap after GC invocations=4 (full 0):
 garbage-first heap   total 129024K, used 21402K [0x0000000080000000, 0x0000000100000000)
  region size 1024K, 10 young (10240K), 10 survivors (10240K)
 Metaspace       used 16756K, committed 17024K, reserved 491520K
  class space    used 2367K, committed 2496K, reserved 425984K
}

Deoptimization events (20 events):
Event: 4.077 Thread 0x0000026f39918410 Uncommon trap: trap_request=0xffffff45 fr.pc=0x0000026f0f3c01b0 relative=0x0000000000000370
Event: 4.077 Thread 0x0000026f39918410 Uncommon trap: reason=unstable_if action=reinterpret pc=0x0000026f0f3c01b0 method=java.lang.invoke.VarHandle.getTypesAndInvokers()Ljava/lang/invoke/VarHandle$TypesAndInvokers; @ 6 c2
Event: 4.077 Thread 0x0000026f39918410 DEOPT PACKING pc=0x0000026f0f3c01b0 sp=0x000000e3537fa830
Event: 4.077 Thread 0x0000026f39918410 DEOPT UNPACKING pc=0x0000026f0ed723a3 sp=0x000000e3537fa6c0 mode 2
Event: 4.077 Thread 0x0000026f39918410 Uncommon trap: trap_request=0xffffff45 fr.pc=0x0000026f0f3bfb74 relative=0x0000000000000074
Event: 4.077 Thread 0x0000026f39918410 Uncommon trap: reason=unstable_if action=reinterpret pc=0x0000026f0f3bfb74 method=jdk.internal.misc.Unsafe.convEndian(ZI)I @ 4 c2
Event: 4.077 Thread 0x0000026f39918410 DEOPT PACKING pc=0x0000026f0f3bfb74 sp=0x000000e3537fa750
Event: 4.077 Thread 0x0000026f39918410 DEOPT UNPACKING pc=0x0000026f0ed723a3 sp=0x000000e3537fa658 mode 2
Event: 4.101 Thread 0x0000026f39918410 Uncommon trap: trap_request=0xffffff45 fr.pc=0x0000026f0f2de568 relative=0x0000000000000ae8
Event: 4.101 Thread 0x0000026f39918410 Uncommon trap: reason=unstable_if action=reinterpret pc=0x0000026f0f2de568 method=java.io.WinNTFileSystem.resolve(Ljava/lang/String;Ljava/lang/String;)Ljava/lang/String; @ 19 c2
Event: 4.101 Thread 0x0000026f39918410 DEOPT PACKING pc=0x0000026f0f2de568 sp=0x000000e3537fabe0
Event: 4.101 Thread 0x0000026f39918410 DEOPT UNPACKING pc=0x0000026f0ed723a3 sp=0x000000e3537fab88 mode 2
Event: 4.103 Thread 0x0000026f39918410 Uncommon trap: trap_request=0xffffff45 fr.pc=0x0000026f0f2eaff4 relative=0x0000000000000634
Event: 4.103 Thread 0x0000026f39918410 Uncommon trap: reason=unstable_if action=reinterpret pc=0x0000026f0f2eaff4 method=java.io.File.getName()Ljava/lang/String; @ 16 c2
Event: 4.103 Thread 0x0000026f39918410 DEOPT PACKING pc=0x0000026f0f2eaff4 sp=0x000000e3537fab90
Event: 4.103 Thread 0x0000026f39918410 DEOPT UNPACKING pc=0x0000026f0ed723a3 sp=0x000000e3537fab60 mode 2
Event: 4.162 Thread 0x0000026f39918410 Uncommon trap: trap_request=0xffffff45 fr.pc=0x0000026f0f39dd84 relative=0x00000000000000e4
Event: 4.162 Thread 0x0000026f39918410 Uncommon trap: reason=unstable_if action=reinterpret pc=0x0000026f0f39dd84 method=java.util.HashMap.hash(Ljava/lang/Object;)I @ 1 c2
Event: 4.162 Thread 0x0000026f39918410 DEOPT PACKING pc=0x0000026f0f39dd84 sp=0x000000e3537fbc10
Event: 4.162 Thread 0x0000026f39918410 DEOPT UNPACKING pc=0x0000026f0ed723a3 sp=0x000000e3537fbb50 mode 2

Classes unloaded (0 events):
No events

Classes redefined (0 events):
No events

Internal exceptions (20 events):
Event: 3.494 Thread 0x0000026f39921210 Exception <a 'java/lang/NoSuchMethodError'{0x00000000867fa0e8}: 'void java.lang.invoke.DirectMethodHandle$Holder.invokeSpecial(java.lang.Object, java.lang.Object, java.lang.Object)'> (0x00000000867fa0e8) 
thrown [s\open\src\hotspot\share\interpreter\linkResolver.cpp, line 759]
Event: 3.605 Thread 0x0000026f39918410 Exception <a 'java/lang/NoSuchMethodError'{0x000000008602a5a0}: 'long java.lang.invoke.DirectMethodHandle$Holder.invokeInterface(java.lang.Object, java.lang.Object)'> (0x000000008602a5a0) 
thrown [s\open\src\hotspot\share\interpreter\linkResolver.cpp, line 759]
Event: 3.687 Thread 0x0000026f39918410 Exception <a 'java/lang/NoSuchMethodError'{0x0000000085c921a0}: 'void java.lang.invoke.DirectMethodHandle$Holder.invokeStatic(java.lang.Object, java.lang.Object)'> (0x0000000085c921a0) 
thrown [s\open\src\hotspot\share\interpreter\linkResolver.cpp, line 759]
Event: 3.740 Thread 0x0000026f39918410 Exception <a 'java/lang/NoSuchMethodError'{0x0000000085927f60}: 'int java.lang.invoke.DirectMethodHandle$Holder.invokeVirtual(java.lang.Object, java.lang.Object, java.lang.Object)'> (0x0000000085927f60) 
thrown [s\open\src\hotspot\share\interpreter\linkResolver.cpp, line 759]
Event: 3.789 Thread 0x0000026f39918410 Exception <a 'java/lang/NoSuchMethodError'{0x00000000857d3440}: 'java.lang.Object java.lang.invoke.DirectMethodHandle$Holder.newInvokeSpecial(java.lang.Object, java.lang.Object, java.lang.Object, java.lang.Object, java.lang.Object, java.lang.Object)'> (0x00000000857d3440) 
thrown [s\open\src\hotspot\share\interpreter\linkResolver.cpp, line 759]
Event: 3.872 Thread 0x0000026f39918410 Exception <a 'java/lang/NoSuchMethodError'{0x00000000854ddc30}: 'void java.lang.invoke.DelegatingMethodHandle$Holder.reinvoke_L(java.lang.Object, java.lang.Object, java.lang.Object, java.lang.Object, java.lang.Object, java.lang.Object, java.lang.Object, java.lang.Object, java.lang.Object, java.lang.Object)'> (0x00000000854ddc30) 
thrown [s\open\src\hotspot\share\interpreter\linkResolver.cpp, line 759]
Event: 3.873 Thread 0x0000026f39918410 Exception <a 'java/lang/NoSuchMethodError'{0x00000000854e60a0}: 'java.lang.Object java.lang.invoke.DirectMethodHandle$Holder.invokeSpecial(java.lang.Object, java.lang.Object, java.lang.Object, java.lang.Object, java.lang.Object, java.lang.Object, java.lang.Object, java.lang.Object, java.lang.Object, java.lang.Object)'> (0x00000000854e60a0) 
thrown [s\open\src\hotspot\share\interpreter\linkResolver.cpp, line 759]
Event: 3.874 Thread 0x0000026f39918410 Exception <a 'java/lang/NoSuchMethodError'{0x00000000854ea970}: 'java.lang.Object java.lang.invoke.Invokers$Holder.invoker(java.lang.Object, java.lang.Object, java.lang.Object, java.lang.Object, java.lang.Object, java.lang.Object, java.lang.Object, java.lang.Object, java.lang.Object, java.lang.Object)'> (0x00000000854ea970) 
thrown [s\open\src\hotspot\share\interpreter\linkResolver.cpp, line 759]
Event: 3.874 Thread 0x0000026f39918410 Exception <a 'java/lang/NoSuchMethodError'{0x00000000854f0578}: 'java.lang.Object java.lang.invoke.DirectMethodHandle$Holder.invokeSpecial(java.lang.Object, java.lang.Object, java.lang.Object, java.lang.Object, java.lang.Object, java.lang.Object, java.lang.Object, java.lang.Object, java.lang.Object, java.lang.Object, java.lang.Object)'> (0x00000000854f0578) 
thrown [s\open\src\hotspot\share\interpreter\linkResolver.cpp, line 759]
Event: 4.027 Thread 0x0000026f39918410 Exception <a 'java/lang/NoSuchMethodError'{0x0000000084b2b8f8}: 'java.lang.Object java.lang.invoke.DirectMethodHandle$Holder.newInvokeSpecial(java.lang.Object, java.lang.Object, int)'> (0x0000000084b2b8f8) 
thrown [s\open\src\hotspot\share\interpreter\linkResolver.cpp, line 759]
Event: 4.077 Thread 0x0000026f39918410 Implicit null exception at 0x0000026f0f3bfe80 to 0x0000026f0f3c0188
Event: 4.114 Thread 0x0000026f39918410 Exception <a 'java/lang/NoSuchMethodError'{0x00000000842ece50}: 'void java.lang.invoke.DirectMethodHandle$Holder.invokeStatic(java.lang.Object, java.lang.Object, java.lang.Object, java.lang.Object)'> (0x00000000842ece50) 
thrown [s\open\src\hotspot\share\interpreter\linkResolver.cpp, line 759]
Event: 4.114 Thread 0x0000026f39918410 Exception <a 'java/lang/NoSuchMethodError'{0x00000000842f12f0}: 'void java.lang.invoke.DirectMethodHandle$Holder.invokeStaticInit(java.lang.Object, java.lang.Object, java.lang.Object, java.lang.Object)'> (0x00000000842f12f0) 
thrown [s\open\src\hotspot\share\interpreter\linkResolver.cpp, line 759]
Event: 4.123 Thread 0x0000026f39918410 Exception <a 'java/lang/NoSuchMethodError'{0x0000000084150aa8}: 'java.lang.Object java.lang.invoke.DirectMethodHandle$Holder.invokeInterface(java.lang.Object, java.lang.Object, java.lang.Object)'> (0x0000000084150aa8) 
thrown [s\open\src\hotspot\share\interpreter\linkResolver.cpp, line 759]
Event: 4.142 Thread 0x0000026f39918410 Exception <a 'java/lang/NoSuchMethodError'{0x000000008403a4d8}: 'int java.lang.invoke.DirectMethodHandle$Holder.invokeSpecialIFC(java.lang.Object, java.lang.Object, java.lang.Object, java.lang.Object)'> (0x000000008403a4d8) 
thrown [s\open\src\hotspot\share\interpreter\linkResolver.cpp, line 759]
Event: 4.143 Thread 0x0000026f39918410 Exception <a 'java/lang/IncompatibleClassChangeError'{0x0000000084049270}: Found class java.lang.Object, but interface was expected> (0x0000000084049270) 
thrown [s\open\src\hotspot\share\interpreter\linkResolver.cpp, line 826]
Event: 4.162 Thread 0x0000026f39918410 Implicit null exception at 0x0000026f0f39dce0 to 0x0000026f0f39dd7a
Event: 4.178 Thread 0x0000026f39918410 Exception <a 'java/lang/NoSuchMethodError'{0x0000000083e54b68}: 'int java.lang.invoke.DirectMethodHandle$Holder.invokeStatic(java.lang.Object, java.lang.Object, java.lang.Object, java.lang.Object)'> (0x0000000083e54b68) 
thrown [s\open\src\hotspot\share\interpreter\linkResolver.cpp, line 759]
Event: 4.178 Thread 0x0000026f39918410 Exception <a 'java/lang/NoSuchMethodError'{0x0000000083e58a38}: 'java.lang.Object java.lang.invoke.Invokers$Holder.invokeExact_MT(java.lang.Object, java.lang.Object, java.lang.Object, java.lang.Object, java.lang.Object, java.lang.Object)'> (0x0000000083e58a38) 
thrown [s\open\src\hotspot\share\interpreter\linkResolver.cpp, line 759]
Event: 4.489 Thread 0x0000026f39918410 Exception <a 'java/lang/NoSuchMethodError'{0x0000000087948eb0}: 'int java.lang.invoke.DirectMethodHandle$Holder.invokeStaticInit(java.lang.Object, java.lang.Object, java.lang.Object)'> (0x0000000087948eb0) 
thrown [s\open\src\hotspot\share\interpreter\linkResolver.cpp, line 759]

VM Operations (20 events):
Event: 2.758 Executing VM operation: HandshakeAllThreads
Event: 2.758 Executing VM operation: HandshakeAllThreads done
Event: 3.023 Executing VM operation: HandshakeAllThreads
Event: 3.023 Executing VM operation: HandshakeAllThreads done
Event: 3.080 Executing VM operation: HandshakeAllThreads
Event: 3.080 Executing VM operation: HandshakeAllThreads done
Event: 3.113 Executing VM operation: HandshakeAllThreads
Event: 3.113 Executing VM operation: HandshakeAllThreads done
Event: 3.184 Executing VM operation: HandshakeAllThreads
Event: 3.184 Executing VM operation: HandshakeAllThreads done
Event: 3.328 Executing VM operation: HandshakeAllThreads
Event: 3.328 Executing VM operation: HandshakeAllThreads done
Event: 3.532 Executing VM operation: ICBufferFull
Event: 3.532 Executing VM operation: ICBufferFull done
Event: 4.227 Executing VM operation: HandshakeAllThreads
Event: 4.227 Executing VM operation: HandshakeAllThreads done
Event: 4.227 Executing VM operation: HandshakeAllThreads
Event: 4.227 Executing VM operation: HandshakeAllThreads done
Event: 4.382 Executing VM operation: G1CollectForAllocation
Event: 4.394 Executing VM operation: G1CollectForAllocation done

Events (20 events):
Event: 4.143 loading class java/util/stream/ReduceOps$1 done
Event: 4.143 loading class java/util/stream/ReduceOps$1ReducingSink
Event: 4.143 loading class java/util/stream/ReduceOps$1ReducingSink done
Event: 4.288 Thread 0x0000026f39f20790 Thread added: 0x0000026f39f20790
Event: 4.290 loading class java/util/function/LongFunction
Event: 4.290 loading class java/util/function/LongFunction done
Event: 4.351 loading class java/security/InvalidKeyException
Event: 4.351 loading class java/security/KeyException
Event: 4.351 loading class java/security/KeyException done
Event: 4.351 loading class java/security/InvalidKeyException done
Event: 4.459 loading class java/io/ObjectInputStream
Event: 4.460 loading class java/io/ObjectInput
Event: 4.460 loading class java/io/ObjectInput done
Event: 4.460 loading class java/io/ObjectStreamConstants
Event: 4.460 loading class java/io/ObjectStreamConstants done
Event: 4.460 loading class java/io/ObjectInputStream done
Event: 4.461 loading class java/io/ObjectOutputStream
Event: 4.461 loading class java/io/ObjectOutput
Event: 4.461 loading class java/io/ObjectOutput done
Event: 4.462 loading class java/io/ObjectOutputStream done


Dynamic libraries:
0x00007ff7a4dc0000 - 0x00007ff7a4dd0000 	C:\Program Files\Java\jdk-17\bin\java.exe
0x00007ffcd4020000 - 0x00007ffcd4287000 	C:\WINDOWS\SYSTEM32\ntdll.dll
0x00007ffcd3350000 - 0x00007ffcd3419000 	C:\WINDOWS\System32\KERNEL32.DLL
0x00007ffcd1600000 - 0x00007ffcd19f0000 	C:\WINDOWS\System32\KERNELBASE.dll
0x00007ffcd1a00000 - 0x00007ffcd1b4b000 	C:\WINDOWS\System32\ucrtbase.dll
0x00007ffcc2be0000 - 0x00007ffcc2bf9000 	C:\Program Files\Java\jdk-17\bin\jli.dll
0x00007ffcc1400000 - 0x00007ffcc141b000 	C:\Program Files\Java\jdk-17\bin\VCRUNTIME140.dll
0x00007ffcd3b70000 - 0x00007ffcd3c24000 	C:\WINDOWS\System32\ADVAPI32.dll
0x00007ffcd2c70000 - 0x00007ffcd2d19000 	C:\WINDOWS\System32\msvcrt.dll
0x00007ffcd2320000 - 0x00007ffcd23c6000 	C:\WINDOWS\System32\sechost.dll
0x00007ffcd2b50000 - 0x00007ffcd2c68000 	C:\WINDOWS\System32\RPCRT4.dll
0x00007ffcd3d90000 - 0x00007ffcd3f55000 	C:\WINDOWS\System32\USER32.dll
0x00007ffcbd1b0000 - 0x00007ffcbd44a000 	C:\WINDOWS\WinSxS\amd64_microsoft.windows.common-controls_6595b64144ccf1df_6.0.26100.4768_none_3e0c112ce331287c\COMCTL32.dll
0x00007ffcd1cd0000 - 0x00007ffcd1cf7000 	C:\WINDOWS\System32\win32u.dll
0x00007ffcd3fb0000 - 0x00007ffcd3fdb000 	C:\WINDOWS\System32\GDI32.dll
0x00007ffcd1150000 - 0x00007ffcd1288000 	C:\WINDOWS\System32\gdi32full.dll
0x00007ffcd1d00000 - 0x00007ffcd1da3000 	C:\WINDOWS\System32\msvcp_win.dll
0x00007ffcc2f20000 - 0x00007ffcc2f2b000 	C:\WINDOWS\SYSTEM32\VERSION.dll
0x00007ffcd1e20000 - 0x00007ffcd1e4f000 	C:\WINDOWS\System32\IMM32.DLL
0x00007ffcc48f0000 - 0x00007ffcc48fc000 	C:\Program Files\Java\jdk-17\bin\vcruntime140_1.dll
0x00007ffc9b8d0000 - 0x00007ffc9b95e000 	C:\Program Files\Java\jdk-17\bin\msvcp140.dll
0x00007ffc59db0000 - 0x00007ffc5a990000 	C:\Program Files\Java\jdk-17\bin\server\jvm.dll
0x00007ffcd3340000 - 0x00007ffcd3348000 	C:\WINDOWS\System32\PSAPI.DLL
0x00007ffcc48d0000 - 0x00007ffcc48da000 	C:\WINDOWS\SYSTEM32\WSOCK32.dll
0x00007ffcbdc10000 - 0x00007ffcbdc45000 	C:\WINDOWS\SYSTEM32\WINMM.dll
0x00007ffcd32c0000 - 0x00007ffcd3334000 	C:\WINDOWS\System32\WS2_32.dll
0x00007ffccfed0000 - 0x00007ffccfeeb000 	C:\WINDOWS\SYSTEM32\kernel.appcore.dll
0x00007ffcc13c0000 - 0x00007ffcc13ca000 	C:\Program Files\Java\jdk-17\bin\jimage.dll
0x00007ffca9220000 - 0x00007ffca9461000 	C:\WINDOWS\SYSTEM32\DBGHELP.DLL
0x00007ffcd37c0000 - 0x00007ffcd3b45000 	C:\WINDOWS\System32\combase.dll
0x00007ffcd1e60000 - 0x00007ffcd1f40000 	C:\WINDOWS\System32\OLEAUT32.dll
0x00007ffcb0570000 - 0x00007ffcb05b3000 	C:\WINDOWS\SYSTEM32\dbgcore.DLL
0x00007ffcd1350000 - 0x00007ffcd13e9000 	C:\WINDOWS\System32\bcryptPrimitives.dll
0x00007ffcbd4e0000 - 0x00007ffcbd4ee000 	C:\Program Files\Java\jdk-17\bin\instrument.dll
0x00007ffcbf5f0000 - 0x00007ffcbf615000 	C:\Program Files\Java\jdk-17\bin\java.dll
0x00007ffc72520000 - 0x00007ffc725f7000 	C:\Program Files\Java\jdk-17\bin\jsvml.dll
0x00007ffcd23d0000 - 0x00007ffcd2b1d000 	C:\WINDOWS\System32\SHELL32.dll
0x00007ffcd1b50000 - 0x00007ffcd1cc3000 	C:\WINDOWS\System32\wintypes.dll
0x00007ffcced70000 - 0x00007ffccf5cf000 	C:\WINDOWS\SYSTEM32\windows.storage.dll
0x00007ffcd3c30000 - 0x00007ffcd3d25000 	C:\WINDOWS\System32\SHCORE.dll
0x00007ffcd1db0000 - 0x00007ffcd1e1a000 	C:\WINDOWS\System32\shlwapi.dll
0x00007ffcd1070000 - 0x00007ffcd1099000 	C:\WINDOWS\SYSTEM32\profapi.dll
0x00007ffcbd980000 - 0x00007ffcbd998000 	C:\Program Files\Java\jdk-17\bin\zip.dll
0x00007ffcbf860000 - 0x00007ffcbf879000 	C:\Program Files\Java\jdk-17\bin\net.dll
0x00007ffcc7d40000 - 0x00007ffcc7e5e000 	C:\WINDOWS\SYSTEM32\WINHTTP.dll
0x00007ffcd0460000 - 0x00007ffcd04cb000 	C:\WINDOWS\system32\mswsock.dll
0x00007ffcbf670000 - 0x00007ffcbf686000 	C:\Program Files\Java\jdk-17\bin\nio.dll
0x00007ffcc01a0000 - 0x00007ffcc01b0000 	C:\Program Files\Java\jdk-17\bin\verify.dll
0x00007ffcc4a30000 - 0x00007ffcc4a57000 	C:\Users\HomePC\.gradle\native\1def1411415f61bf3af743bc5b6707747c0891f09f0c88961ee8f79bc544acac\windows-amd64\native-platform.dll
0x00007ffc94e00000 - 0x00007ffc94e78000 	C:\Users\HomePC\.gradle\native\0.2.7\x86_64-windows-gnu\gradle-fileevents.dll
0x00007ffcbf830000 - 0x00007ffcbf83a000 	C:\Program Files\Java\jdk-17\bin\management.dll
0x00007ffcbd9c0000 - 0x00007ffcbd9cb000 	C:\Program Files\Java\jdk-17\bin\management_ext.dll
0x00007ffccf8e0000 - 0x00007ffccf913000 	C:\WINDOWS\SYSTEM32\IPHLPAPI.DLL
0x00007ffcd21a0000 - 0x00007ffcd21aa000 	C:\WINDOWS\System32\NSI.dll
0x00007ffcc7730000 - 0x00007ffcc774f000 	C:\WINDOWS\SYSTEM32\dhcpcsvc6.DLL
0x00007ffcc7700000 - 0x00007ffcc7725000 	C:\WINDOWS\SYSTEM32\dhcpcsvc.DLL
0x00007ffccf920000 - 0x00007ffccfa46000 	C:\WINDOWS\SYSTEM32\DNSAPI.dll
0x00007ffcd0720000 - 0x00007ffcd073b000 	C:\WINDOWS\SYSTEM32\CRYPTSP.dll
0x00007ffccfe30000 - 0x00007ffccfe6b000 	C:\WINDOWS\system32\rsaenh.dll
0x00007ffcd0500000 - 0x00007ffcd052b000 	C:\WINDOWS\SYSTEM32\USERENV.dll
0x00007ffcd1040000 - 0x00007ffcd1066000 	C:\WINDOWS\SYSTEM32\bcrypt.dll
0x00007ffcd0740000 - 0x00007ffcd074c000 	C:\WINDOWS\SYSTEM32\CRYPTBASE.dll
0x00007ffcbc5c0000 - 0x00007ffcbc5ce000 	C:\Program Files\Java\jdk-17\bin\sunmscapi.dll
0x00007ffcd1480000 - 0x00007ffcd15f7000 	C:\WINDOWS\System32\CRYPT32.dll
0x00007ffcd0940000 - 0x00007ffcd0970000 	C:\WINDOWS\SYSTEM32\ncrypt.dll
0x00007ffcd08f0000 - 0x00007ffcd092f000 	C:\WINDOWS\SYSTEM32\NTASN1.dll
0x00007ffc5f970000 - 0x00007ffc5f978000 	C:\WINDOWS\system32\wshunix.dll

dbghelp: loaded successfully - version: 4.0.5 - missing functions: none
symbol engine: initialized successfully - sym options: 0x614 - pdb path: .;C:\Program Files\Java\jdk-17\bin;C:\WINDOWS\SYSTEM32;C:\WINDOWS\WinSxS\amd64_microsoft.windows.common-controls_6595b64144ccf1df_6.0.26100.4768_none_3e0c112ce331287c;C:\Program Files\Java\jdk-17\bin\server;C:\Users\HomePC\.gradle\native\1def1411415f61bf3af743bc5b6707747c0891f09f0c88961ee8f79bc544acac\windows-amd64;C:\Users\HomePC\.gradle\native\0.2.7\x86_64-windows-gnu

VM Arguments:
jvm_args: --add-opens=java.base/java.lang=ALL-UNNAMED --add-opens=java.base/java.lang.invoke=ALL-UNNAMED --add-opens=java.base/java.util=ALL-UNNAMED --add-opens=java.prefs/java.util.prefs=ALL-UNNAMED --add-exports=jdk.compiler/com.sun.tools.javac.api=ALL-UNNAMED --add-exports=jdk.compiler/com.sun.tools.javac.util=ALL-UNNAMED --add-opens=java.base/java.util=ALL-UNNAMED --add-opens=java.prefs/java.util.prefs=ALL-UNNAMED --add-opens=java.base/java.nio.charset=ALL-UNNAMED --add-opens=java.base/java.net=ALL-UNNAMED --add-opens=java.base/java.util.concurrent.atomic=ALL-UNNAMED --add-opens=java.xml/javax.xml.namespace=ALL-UNNAMED -XX:MaxMetaspaceSize=512m -Xmx2048m -Dfile.encoding=windows-1252 -Duser.country=US -Duser.language=en -Duser.variant -javaagent:C:\Users\HomePC\.gradle\wrapper\dists\gradle-8.14.1-bin\baw1sv0jfoi8rxs14qo3h49cs\gradle-8.14.1\lib\agents\gradle-instrumentation-agent-8.14.1.jar 
java_command: org.gradle.launcher.daemon.bootstrap.GradleDaemon 8.14.1
java_class_path (initial): C:\Users\HomePC\.gradle\wrapper\dists\gradle-8.14.1-bin\baw1sv0jfoi8rxs14qo3h49cs\gradle-8.14.1\lib\gradle-daemon-main-8.14.1.jar
Launcher Type: SUN_STANDARD

[Global flags]
     intx CICompilerCount                          = 4                                         {product} {ergonomic}
   size_t CompressedClassSpaceSize                 = 436207616                                 {product} {ergonomic}
     uint ConcGCThreads                            = 2                                         {product} {ergonomic}
     uint G1ConcRefinementThreads                  = 8                                         {product} {ergonomic}
   size_t G1HeapRegionSize                         = 1048576                                   {product} {ergonomic}
    uintx GCDrainStackTargetSize                   = 64                                        {product} {ergonomic}
   size_t InitialHeapSize                          = 132120576                                 {product} {ergonomic}
   size_t MarkStackSize                            = 4194304                                   {product} {ergonomic}
   size_t MaxHeapSize                              = 2147483648                                {product} {command line}
   size_t MaxMetaspaceSize                         = 536870912                                 {product} {command line}
   size_t MaxNewSize                               = 1287651328                                {product} {ergonomic}
   size_t MinHeapDeltaBytes                        = 1048576                                   {product} {ergonomic}
   size_t MinHeapSize                              = 8388608                                   {product} {ergonomic}
    uintx NonNMethodCodeHeapSize                   = 5839372                                {pd product} {ergonomic}
    uintx NonProfiledCodeHeapSize                  = 122909434                              {pd product} {ergonomic}
    uintx ProfiledCodeHeapSize                     = 122909434                              {pd product} {ergonomic}
    uintx ReservedCodeCacheSize                    = 251658240                              {pd product} {ergonomic}
     bool SegmentedCodeCache                       = true                                      {product} {ergonomic}
   size_t SoftMaxHeapSize                          = 2147483648                             {manageable} {ergonomic}
     bool UseCompressedClassPointers               = true                           {product lp64_product} {ergonomic}
     bool UseCompressedOops                        = true                           {product lp64_product} {ergonomic}
     bool UseG1GC                                  = true                                      {product} {ergonomic}
     bool UseLargePagesIndividualAllocation        = false                                  {pd product} {ergonomic}

Logging:
Log output configuration:
 #0: stdout all=warning uptime,level,tags
 #1: stderr all=off uptime,level,tags

Environment Variables:
JAVA_HOME=C:\Program Files\Java\jdk-17
PATH=F:\X_wallet\node_modules\.bin;F:\X_wallet\node_modules\.bin;F:\node_modules\.bin;C:\Program Files\nodejs\node_modules\npm\node_modules\@npmcli\run-script\lib\node-gyp-bin;C:\Program Files\Microsoft\jdk-17.0.15.6-hotspot\bin;C:\Program Files\Microsoft MPI\Bin\;C:\Program Files\Common Files\Oracle\Java\javapath;C:\WINDOWS\system32;C:\WINDOWS;C:\WINDOWS\System32\Wbem;C:\WINDOWS\System32\WindowsPowerShell\v1.0\;C:\WINDOWS\System32\OpenSSH\;C:\ProgramData\chocolatey\bin;C:\Gradle\gradle-8.0.2\bin;C:\Users\HomePC\AppData\Local\Android\Sdk\platforms;C:\Users\HomePC\AppData\Local\Android\Sdk\platform-tools;C:\Users\HomePC\.gradle\gradle-8.0.2\bin;C:\Program Files (x86)\Microsoft SQL Server\160\Tools\Binn\;C:\Program Files\Microsoft SQL Server\160\Tools\Binn\;C:\Program Files\Microsoft SQL Server\Client SDK\ODBC\170\Tools\Binn\;C:\Program Files\Microsoft SQL Server\160\DTS\Binn\;C:\Program Files (x86)\Microsoft SQL Server\160\DTS\Binn\;C:\Program Files\Git\cmd;C:\Program Files\nodejs\;C:\Program Files\Java\jdk-17\bin;C:\Users\HomePC\AppData\Local\Microsoft\WindowsApps;C:\Users\HomePC\AppData\Local\Programs\Microsoft VS Code\bin;C:\Users\HomePC\AppData\Local\Android\Sdk\platform-tools;C:\Users\HomePC\AppData\Local\Android\Sdk\tools;C:\Users\HomePC\AppData\Local\jdk-11.0.2\bin;"C:\Users\HomePC\AppData\Local\Android\Sdk\tools;C:\Users\HomePC\AppData\Local\Android\Sdk\tools\bin;C:\Users\HomePC\AppData\Local\Android\Sdk\platform-tools";C:\Program Files\Java\jdk-17\bin;C:\Users\HomePC\.gradle\gradle-8.0.2\bin;C:\Users\HomePC\AppData\Roaming\npm;C:\Program Files\Java\jdk-17\bin;
USERNAME=HomePC
LANG=en_US.UTF-8
OS=Windows_NT
PROCESSOR_IDENTIFIER=Intel64 Family 6 Model 142 Stepping 10, GenuineIntel



---------------  S Y S T E M  ---------------

OS:
 Windows 11 , 64 bit Build 26100 (10.0.26100.4768)
OS uptime: 1 days 18:03 hours

CPU: total 8 (initial active 8) (4 cores per cpu, 2 threads per core) family 6 model 142 stepping 10 microcode 0xe0, cx8, cmov, fxsr, ht, mmx, 3dnowpref, sse, sse2, sse3, ssse3, sse4.1, sse4.2, popcnt, lzcnt, tsc, tscinvbit, avx, avx2, aes, erms, clmul, bmi1, bmi2, adx, fma, vzeroupper, clflush, clflushopt

Memory: 4k page, system-wide physical 8060M (750M free)
TotalPageFile size 20222M (AvailPageFile size 5M)
current process WorkingSet (physical memory assigned to process): 212M, peak: 215M
current process commit charge ("private bytes"): 288M, peak: 291M

vm_info: Java HotSpot(TM) 64-Bit Server VM (17.0.12+8-LTS-286) for windows-amd64 JRE (17.0.12+8-LTS-286), built on Jun  5 2024 06:46:59 by "mach5one" with MS VC++ 17.6 (VS2022)

END.
