#
# There is insufficient memory for the Java Runtime Environment to continue.
# Native memory allocation (malloc) failed to allocate 1392000 bytes for Chunk::new
# Possible reasons:
#   The system is out of physical RAM or swap space
#   The process is running with CompressedOops enabled, and the Java Heap may be blocking the growth of the native heap
# Possible solutions:
#   Reduce memory load on the system
#   Increase physical memory or swap space
#   Check if swap backing store is full
#   Decrease Java heap size (-Xmx/-Xms)
#   Decrease number of Java threads
#   Decrease Java thread stack sizes (-Xss)
#   Set larger code cache with -XX:ReservedCodeCacheSize=
#   JVM is running with Unscaled Compressed Oops mode in which the Java heap is
#     placed in the first 4GB address space. The Java Heap base address is the
#     maximum limit for the native heap growth. Please use -XX:HeapBaseMinAddress
#     to set the Java Heap base and to place the Java Heap above 4GB virtual address.
# This output file may be truncated or incomplete.
#
#  Out of Memory Error (arena.cpp:189), pid=18600, tid=12492
#
# JRE version: Java(TM) SE Runtime Environment (17.0.12+8) (build 17.0.12+8-LTS-286)
# Java VM: Java HotSpot(TM) 64-Bit Server VM (17.0.12+8-LTS-286, mixed mode, sharing, tiered, compressed oops, compressed class ptrs, g1 gc, windows-amd64)
# No core dump will be written. Minidumps are not enabled by default on client versions of Windows
#

---------------  S U M M A R Y ------------

Command Line: --add-opens=java.base/java.lang=ALL-UNNAMED --add-opens=java.base/java.lang.invoke=ALL-UNNAMED --add-opens=java.base/java.util=ALL-UNNAMED --add-opens=java.prefs/java.util.prefs=ALL-UNNAMED --add-exports=jdk.compiler/com.sun.tools.javac.api=ALL-UNNAMED --add-exports=jdk.compiler/com.sun.tools.javac.util=ALL-UNNAMED --add-opens=java.base/java.util=ALL-UNNAMED --add-opens=java.prefs/java.util.prefs=ALL-UNNAMED --add-opens=java.base/java.nio.charset=ALL-UNNAMED --add-opens=java.base/java.net=ALL-UNNAMED --add-opens=java.base/java.util.concurrent.atomic=ALL-UNNAMED --add-opens=java.xml/javax.xml.namespace=ALL-UNNAMED -XX:MaxMetaspaceSize=512m -Xmx2048m -Dfile.encoding=windows-1252 -Duser.country=US -Duser.language=en -Duser.variant -javaagent:C:\Users\HomePC\.gradle\wrapper\dists\gradle-8.14.1-bin\baw1sv0jfoi8rxs14qo3h49cs\gradle-8.14.1\lib\agents\gradle-instrumentation-agent-8.14.1.jar org.gradle.launcher.daemon.bootstrap.GradleDaemon 8.14.1

Host: Intel(R) Core(TM) i5-8250U CPU @ 1.60GHz, 8 cores, 7G,  Windows 11 , 64 bit Build 26100 (10.0.26100.4768)
Time: Tue Aug  5 15:42:37 2025 Pakistan Standard Time elapsed time: 6.831992 seconds (0d 0h 0m 6s)

---------------  T H R E A D  ---------------

Current thread (0x0000015c4b121750):  JavaThread "C2 CompilerThread1" daemon [_thread_in_native, id=12492, stack(0x0000002453100000,0x0000002453200000)]


Current CompileTask:
C2:   6832 2516   !   4       java.net.URLClassLoader::findClass (47 bytes)

Stack: [0x0000002453100000,0x0000002453200000]
Native frames: (J=compiled Java code, j=interpreted, Vv=VM code, C=native code)
V  [jvm.dll+0x67a04a]
V  [jvm.dll+0x7da4ed]
V  [jvm.dll+0x7dbe33]
V  [jvm.dll+0x7dc4a3]
V  [jvm.dll+0x24508f]
V  [jvm.dll+0xab773]
V  [jvm.dll+0xabd3c]
V  [jvm.dll+0x361bee]
V  [jvm.dll+0x1ba45a]
V  [jvm.dll+0x216997]
V  [jvm.dll+0x215c6f]
V  [jvm.dll+0x1a2960]
V  [jvm.dll+0x22610b]
V  [jvm.dll+0x2242ab]
V  [jvm.dll+0x79075c]
V  [jvm.dll+0x78abea]
V  [jvm.dll+0x678f35]
C  [ucrtbase.dll+0x37b0]
C  [KERNEL32.DLL+0x2e8d7]
C  [ntdll.dll+0x3c34c]


---------------  P R O C E S S  ---------------

Threads class SMR info:
_java_thread_list=0x0000015c4ce03900, length=26, elements={
0x0000015c0d3aa5a0, 0x0000015c2b5b8c40, 0x0000015c2b5bca30, 0x0000015c2b5d1a60,
0x0000015c2b5d4340, 0x0000015c2b5d5f20, 0x0000015c2b5defa0, 0x0000015c2b5e0340,
0x0000015c2b5e49a0, 0x0000015c2b5e7a60, 0x0000015c2b5a4d50, 0x0000015c2b8d6990,
0x0000015c4ca8f690, 0x0000015c4cbdf0a0, 0x0000015c4c0df580, 0x0000015c4b61dd70,
0x0000015c4b4e14d0, 0x0000015c4b32b830, 0x0000015c4b3299d0, 0x0000015c4b328aa0,
0x0000015c4b3294c0, 0x0000015c4b32ae10, 0x0000015c4b32bd40, 0x0000015c4b32b320,
0x0000015c4b328590, 0x0000015c4b121750
}

Java Threads: ( => current thread )
  0x0000015c0d3aa5a0 JavaThread "main" [_thread_blocked, id=14728, stack(0x0000002450d00000,0x0000002450e00000)]
  0x0000015c2b5b8c40 JavaThread "Reference Handler" daemon [_thread_blocked, id=8948, stack(0x0000002451400000,0x0000002451500000)]
  0x0000015c2b5bca30 JavaThread "Finalizer" daemon [_thread_blocked, id=19664, stack(0x0000002451500000,0x0000002451600000)]
  0x0000015c2b5d1a60 JavaThread "Signal Dispatcher" daemon [_thread_blocked, id=17232, stack(0x0000002451600000,0x0000002451700000)]
  0x0000015c2b5d4340 JavaThread "Attach Listener" daemon [_thread_blocked, id=20188, stack(0x0000002451700000,0x0000002451800000)]
  0x0000015c2b5d5f20 JavaThread "Service Thread" daemon [_thread_blocked, id=9196, stack(0x0000002451800000,0x0000002451900000)]
  0x0000015c2b5defa0 JavaThread "Monitor Deflation Thread" daemon [_thread_blocked, id=17532, stack(0x0000002451900000,0x0000002451a00000)]
  0x0000015c2b5e0340 JavaThread "C2 CompilerThread0" daemon [_thread_in_native, id=1136, stack(0x0000002451a00000,0x0000002451b00000)]
  0x0000015c2b5e49a0 JavaThread "C1 CompilerThread0" daemon [_thread_blocked, id=18356, stack(0x0000002451b00000,0x0000002451c00000)]
  0x0000015c2b5e7a60 JavaThread "Sweeper thread" daemon [_thread_blocked, id=14444, stack(0x0000002451c00000,0x0000002451d00000)]
  0x0000015c2b5a4d50 JavaThread "Common-Cleaner" daemon [_thread_blocked, id=19324, stack(0x0000002451d00000,0x0000002451e00000)]
  0x0000015c2b8d6990 JavaThread "Notification Thread" daemon [_thread_blocked, id=2636, stack(0x0000002451f00000,0x0000002452000000)]
  0x0000015c4ca8f690 JavaThread "Daemon health stats" [_thread_blocked, id=15152, stack(0x0000002452500000,0x0000002452600000)]
  0x0000015c4cbdf0a0 JavaThread "Incoming local TCP Connector on port 61329" [_thread_in_native, id=17552, stack(0x0000002451e00000,0x0000002451f00000)]
  0x0000015c4c0df580 JavaThread "Daemon periodic checks" [_thread_blocked, id=19588, stack(0x0000002452600000,0x0000002452700000)]
  0x0000015c4b61dd70 JavaThread "Daemon" [_thread_blocked, id=13348, stack(0x0000002452700000,0x0000002452800000)]
  0x0000015c4b4e14d0 JavaThread "Handler for socket connection from /127.0.0.1:61329 to /127.0.0.1:61330" [_thread_in_native, id=15196, stack(0x0000002452800000,0x0000002452900000)]
  0x0000015c4b32b830 JavaThread "Cancel handler" [_thread_blocked, id=11572, stack(0x0000002452900000,0x0000002452a00000)]
  0x0000015c4b3299d0 JavaThread "Daemon worker" [_thread_in_vm, id=19752, stack(0x0000002452a00000,0x0000002452b00000)]
  0x0000015c4b328aa0 JavaThread "Asynchronous log dispatcher for DefaultDaemonConnection: socket connection from /127.0.0.1:61329 to /127.0.0.1:61330" [_thread_blocked, id=13116, stack(0x0000002452b00000,0x0000002452c00000)]
  0x0000015c4b3294c0 JavaThread "Stdin handler" [_thread_blocked, id=9164, stack(0x0000002452c00000,0x0000002452d00000)]
  0x0000015c4b32ae10 JavaThread "Daemon client event forwarder" [_thread_blocked, id=15992, stack(0x0000002452e00000,0x0000002452f00000)]
  0x0000015c4b32bd40 JavaThread "Cache worker for journal cache (C:\Users\HomePC\.gradle\caches\journal-1)" [_thread_blocked, id=19920, stack(0x0000002452d00000,0x0000002452e00000)]
  0x0000015c4b32b320 JavaThread "File lock request listener" [_thread_in_native, id=9912, stack(0x0000002452f00000,0x0000002453000000)]
  0x0000015c4b328590 JavaThread "Cache worker for file hash cache (C:\Users\HomePC\.gradle\caches\8.14.1\fileHashes)" [_thread_blocked, id=15536, stack(0x0000002453000000,0x0000002453100000)]
=>0x0000015c4b121750 JavaThread "C2 CompilerThread1" daemon [_thread_in_native, id=12492, stack(0x0000002453100000,0x0000002453200000)]

Other Threads:
  0x0000015c2b5b42e0 VMThread "VM Thread" [stack: 0x0000002451300000,0x0000002451400000] [id=10404]
  0x0000015c2b926620 WatcherThread [stack: 0x0000002452000000,0x0000002452100000] [id=13416]
  0x0000015c0d407970 GCTaskThread "GC Thread#0" [stack: 0x0000002450e00000,0x0000002450f00000] [id=5248]
  0x0000015c4b47e710 GCTaskThread "GC Thread#1" [stack: 0x0000002452200000,0x0000002452300000] [id=17296]
  0x0000015c4b08eb80 GCTaskThread "GC Thread#2" [stack: 0x0000002452300000,0x0000002452400000] [id=6892]
  0x0000015c4b08ddc0 GCTaskThread "GC Thread#3" [stack: 0x0000002452100000,0x0000002452200000] [id=7740]
  0x0000015c4b08db00 GCTaskThread "GC Thread#4" [stack: 0x0000002452400000,0x0000002452500000] [id=15804]
  0x0000015c4b08e080 GCTaskThread "GC Thread#5" [stack: 0x0000002453200000,0x0000002453300000] [id=17780]
  0x0000015c4b08f680 GCTaskThread "GC Thread#6" [stack: 0x0000002453300000,0x0000002453400000] [id=20100]
  0x0000015c4b08e600 GCTaskThread "GC Thread#7" [stack: 0x0000002453400000,0x0000002453500000] [id=3124]
  0x0000015c0d4194a0 ConcurrentGCThread "G1 Main Marker" [stack: 0x0000002450f00000,0x0000002451000000] [id=8896]
  0x0000015c0d41a560 ConcurrentGCThread "G1 Conc#0" [stack: 0x0000002451000000,0x0000002451100000] [id=4644]
  0x0000015c2b469d70 ConcurrentGCThread "G1 Refine#0" [stack: 0x0000002451100000,0x0000002451200000] [id=19128]
  0x0000015c2b46b560 ConcurrentGCThread "G1 Service" [stack: 0x0000002451200000,0x0000002451300000] [id=20280]

Threads with active compile tasks:
C2 CompilerThread0     6921 2517       4       java.net.URLClassLoader$1::run (5 bytes)
C2 CompilerThread1     6921 2516   !   4       java.net.URLClassLoader::findClass (47 bytes)

VM state: not at safepoint (normal execution)

VM Mutex/Monitor currently owned by a thread: None

Heap address: 0x0000000080000000, size: 2048 MB, Compressed Oops mode: 32-bit

CDS archive(s) mapped at: [0x0000015c2c000000-0x0000015c2cbd0000-0x0000015c2cbd0000), size 12386304, SharedBaseAddress: 0x0000015c2c000000, ArchiveRelocationMode: 1.
Compressed class space mapped at: 0x0000015c2d000000-0x0000015c47000000, reserved size: 436207616
Narrow klass base: 0x0000015c2c000000, Narrow klass shift: 0, Narrow klass range: 0x100000000

GC Precious Log:
 CPUs: 8 total, 8 available
 Memory: 8060M
 Large Page Support: Disabled
 NUMA Support: Disabled
 Compressed Oops: Enabled (32-bit)
 Heap Region Size: 1M
 Heap Min Capacity: 8M
 Heap Initial Capacity: 126M
 Heap Max Capacity: 2G
 Pre-touch: Disabled
 Parallel Workers: 8
 Concurrent Workers: 2
 Concurrent Refinement Workers: 8
 Periodic GC: Disabled

Heap:
 garbage-first heap   total 129024K, used 43412K [0x0000000080000000, 0x0000000100000000)
  region size 1024K, 32 young (32768K), 10 survivors (10240K)
 Metaspace       used 19365K, committed 19648K, reserved 491520K
  class space    used 2807K, committed 2944K, reserved 425984K

Heap Regions: E=young(eden), S=young(survivor), O=old, HS=humongous(starts), HC=humongous(continues), CS=collection set, F=free, OA=open archive, CA=closed archive, TAMS=top-at-mark-start (previous, next)
|   0|0x0000000080000000, 0x0000000080100000, 0x0000000080100000|100%|HS|  |TAMS 0x0000000080000000, 0x0000000080000000| Complete 
|   1|0x0000000080100000, 0x0000000080200000, 0x0000000080200000|100%|HC|  |TAMS 0x0000000080100000, 0x0000000080100000| Complete 
|   2|0x0000000080200000, 0x0000000080300000, 0x0000000080300000|100%|HC|  |TAMS 0x0000000080200000, 0x0000000080200000| Complete 
|   3|0x0000000080300000, 0x0000000080400000, 0x0000000080400000|100%| O|  |TAMS 0x0000000080300000, 0x0000000080300000| Untracked 
|   4|0x0000000080400000, 0x0000000080500000, 0x0000000080500000|100%| O|  |TAMS 0x0000000080400000, 0x0000000080400000| Untracked 
|   5|0x0000000080500000, 0x0000000080600000, 0x0000000080600000|100%| O|  |TAMS 0x0000000080500000, 0x0000000080500000| Untracked 
|   6|0x0000000080600000, 0x0000000080700000, 0x0000000080700000|100%|HS|  |TAMS 0x0000000080600000, 0x0000000080600000| Complete 
|   7|0x0000000080700000, 0x0000000080700000, 0x0000000080800000|  0%| F|  |TAMS 0x0000000080700000, 0x0000000080700000| Untracked 
|   8|0x0000000080800000, 0x0000000080900000, 0x0000000080900000|100%| O|  |TAMS 0x0000000080800000, 0x0000000080800000| Untracked 
|   9|0x0000000080900000, 0x0000000080a00000, 0x0000000080a00000|100%| O|  |TAMS 0x0000000080900000, 0x0000000080900000| Untracked 
|  10|0x0000000080a00000, 0x0000000080b00000, 0x0000000080b00000|100%| O|  |TAMS 0x0000000080a00000, 0x0000000080a00000| Untracked 
|  11|0x0000000080b00000, 0x0000000080c00000, 0x0000000080c00000|100%| O|  |TAMS 0x0000000080b00000, 0x0000000080b00000| Untracked 
|  12|0x0000000080c00000, 0x0000000080ce5400, 0x0000000080d00000| 89%| O|  |TAMS 0x0000000080c00000, 0x0000000080c00000| Untracked 
|  13|0x0000000080d00000, 0x0000000080d00000, 0x0000000080e00000|  0%| F|  |TAMS 0x0000000080d00000, 0x0000000080d00000| Untracked 
|  14|0x0000000080e00000, 0x0000000080e00000, 0x0000000080f00000|  0%| F|  |TAMS 0x0000000080e00000, 0x0000000080e00000| Untracked 
|  15|0x0000000080f00000, 0x0000000080f00000, 0x0000000081000000|  0%| F|  |TAMS 0x0000000080f00000, 0x0000000080f00000| Untracked 
|  16|0x0000000081000000, 0x0000000081000000, 0x0000000081100000|  0%| F|  |TAMS 0x0000000081000000, 0x0000000081000000| Untracked 
|  17|0x0000000081100000, 0x0000000081100000, 0x0000000081200000|  0%| F|  |TAMS 0x0000000081100000, 0x0000000081100000| Untracked 
|  18|0x0000000081200000, 0x0000000081200000, 0x0000000081300000|  0%| F|  |TAMS 0x0000000081200000, 0x0000000081200000| Untracked 
|  19|0x0000000081300000, 0x0000000081300000, 0x0000000081400000|  0%| F|  |TAMS 0x0000000081300000, 0x0000000081300000| Untracked 
|  20|0x0000000081400000, 0x0000000081400000, 0x0000000081500000|  0%| F|  |TAMS 0x0000000081400000, 0x0000000081400000| Untracked 
|  21|0x0000000081500000, 0x0000000081500000, 0x0000000081600000|  0%| F|  |TAMS 0x0000000081500000, 0x0000000081500000| Untracked 
|  22|0x0000000081600000, 0x0000000081600000, 0x0000000081700000|  0%| F|  |TAMS 0x0000000081600000, 0x0000000081600000| Untracked 
|  23|0x0000000081700000, 0x0000000081700000, 0x0000000081800000|  0%| F|  |TAMS 0x0000000081700000, 0x0000000081700000| Untracked 
|  24|0x0000000081800000, 0x0000000081800000, 0x0000000081900000|  0%| F|  |TAMS 0x0000000081800000, 0x0000000081800000| Untracked 
|  25|0x0000000081900000, 0x0000000081900000, 0x0000000081a00000|  0%| F|  |TAMS 0x0000000081900000, 0x0000000081900000| Untracked 
|  26|0x0000000081a00000, 0x0000000081a00000, 0x0000000081b00000|  0%| F|  |TAMS 0x0000000081a00000, 0x0000000081a00000| Untracked 
|  27|0x0000000081b00000, 0x0000000081b00000, 0x0000000081c00000|  0%| F|  |TAMS 0x0000000081b00000, 0x0000000081b00000| Untracked 
|  28|0x0000000081c00000, 0x0000000081c00000, 0x0000000081d00000|  0%| F|  |TAMS 0x0000000081c00000, 0x0000000081c00000| Untracked 
|  29|0x0000000081d00000, 0x0000000081d00000, 0x0000000081e00000|  0%| F|  |TAMS 0x0000000081d00000, 0x0000000081d00000| Untracked 
|  30|0x0000000081e00000, 0x0000000081e00000, 0x0000000081f00000|  0%| F|  |TAMS 0x0000000081e00000, 0x0000000081e00000| Untracked 
|  31|0x0000000081f00000, 0x0000000081f00000, 0x0000000082000000|  0%| F|  |TAMS 0x0000000081f00000, 0x0000000081f00000| Untracked 
|  32|0x0000000082000000, 0x0000000082000000, 0x0000000082100000|  0%| F|  |TAMS 0x0000000082000000, 0x0000000082000000| Untracked 
|  33|0x0000000082100000, 0x0000000082100000, 0x0000000082200000|  0%| F|  |TAMS 0x0000000082100000, 0x0000000082100000| Untracked 
|  34|0x0000000082200000, 0x0000000082200000, 0x0000000082300000|  0%| F|  |TAMS 0x0000000082200000, 0x0000000082200000| Untracked 
|  35|0x0000000082300000, 0x0000000082300000, 0x0000000082400000|  0%| F|  |TAMS 0x0000000082300000, 0x0000000082300000| Untracked 
|  36|0x0000000082400000, 0x0000000082400000, 0x0000000082500000|  0%| F|  |TAMS 0x0000000082400000, 0x0000000082400000| Untracked 
|  37|0x0000000082500000, 0x0000000082500000, 0x0000000082600000|  0%| F|  |TAMS 0x0000000082500000, 0x0000000082500000| Untracked 
|  38|0x0000000082600000, 0x0000000082600000, 0x0000000082700000|  0%| F|  |TAMS 0x0000000082600000, 0x0000000082600000| Untracked 
|  39|0x0000000082700000, 0x0000000082700000, 0x0000000082800000|  0%| F|  |TAMS 0x0000000082700000, 0x0000000082700000| Untracked 
|  40|0x0000000082800000, 0x0000000082800000, 0x0000000082900000|  0%| F|  |TAMS 0x0000000082800000, 0x0000000082800000| Untracked 
|  41|0x0000000082900000, 0x000000008297fe40, 0x0000000082a00000| 49%| S|CS|TAMS 0x0000000082900000, 0x0000000082900000| Complete 
|  42|0x0000000082a00000, 0x0000000082b00000, 0x0000000082b00000|100%| S|CS|TAMS 0x0000000082a00000, 0x0000000082a00000| Complete 
|  43|0x0000000082b00000, 0x0000000082c00000, 0x0000000082c00000|100%| S|CS|TAMS 0x0000000082b00000, 0x0000000082b00000| Complete 
|  44|0x0000000082c00000, 0x0000000082d00000, 0x0000000082d00000|100%| S|CS|TAMS 0x0000000082c00000, 0x0000000082c00000| Complete 
|  45|0x0000000082d00000, 0x0000000082e00000, 0x0000000082e00000|100%| S|CS|TAMS 0x0000000082d00000, 0x0000000082d00000| Complete 
|  46|0x0000000082e00000, 0x0000000082f00000, 0x0000000082f00000|100%| S|CS|TAMS 0x0000000082e00000, 0x0000000082e00000| Complete 
|  47|0x0000000082f00000, 0x0000000083000000, 0x0000000083000000|100%| S|CS|TAMS 0x0000000082f00000, 0x0000000082f00000| Complete 
|  48|0x0000000083000000, 0x0000000083100000, 0x0000000083100000|100%| S|CS|TAMS 0x0000000083000000, 0x0000000083000000| Complete 
|  49|0x0000000083100000, 0x0000000083200000, 0x0000000083200000|100%| S|CS|TAMS 0x0000000083100000, 0x0000000083100000| Complete 
|  50|0x0000000083200000, 0x0000000083300000, 0x0000000083300000|100%| S|CS|TAMS 0x0000000083200000, 0x0000000083200000| Complete 
|  51|0x0000000083300000, 0x0000000083300000, 0x0000000083400000|  0%| F|  |TAMS 0x0000000083300000, 0x0000000083300000| Untracked 
|  52|0x0000000083400000, 0x0000000083400000, 0x0000000083500000|  0%| F|  |TAMS 0x0000000083400000, 0x0000000083400000| Untracked 
|  53|0x0000000083500000, 0x0000000083500000, 0x0000000083600000|  0%| F|  |TAMS 0x0000000083500000, 0x0000000083500000| Untracked 
|  54|0x0000000083600000, 0x0000000083600000, 0x0000000083700000|  0%| F|  |TAMS 0x0000000083600000, 0x0000000083600000| Untracked 
|  55|0x0000000083700000, 0x0000000083700000, 0x0000000083800000|  0%| F|  |TAMS 0x0000000083700000, 0x0000000083700000| Untracked 
|  56|0x0000000083800000, 0x0000000083800000, 0x0000000083900000|  0%| F|  |TAMS 0x0000000083800000, 0x0000000083800000| Untracked 
|  57|0x0000000083900000, 0x0000000083900000, 0x0000000083a00000|  0%| F|  |TAMS 0x0000000083900000, 0x0000000083900000| Untracked 
|  58|0x0000000083a00000, 0x0000000083a00000, 0x0000000083b00000|  0%| F|  |TAMS 0x0000000083a00000, 0x0000000083a00000| Untracked 
|  59|0x0000000083b00000, 0x0000000083b00000, 0x0000000083c00000|  0%| F|  |TAMS 0x0000000083b00000, 0x0000000083b00000| Untracked 
|  60|0x0000000083c00000, 0x0000000083c00000, 0x0000000083d00000|  0%| F|  |TAMS 0x0000000083c00000, 0x0000000083c00000| Untracked 
|  61|0x0000000083d00000, 0x0000000083d00000, 0x0000000083e00000|  0%| F|  |TAMS 0x0000000083d00000, 0x0000000083d00000| Untracked 
|  62|0x0000000083e00000, 0x0000000083e00000, 0x0000000083f00000|  0%| F|  |TAMS 0x0000000083e00000, 0x0000000083e00000| Untracked 
|  63|0x0000000083f00000, 0x0000000083f00000, 0x0000000084000000|  0%| F|  |TAMS 0x0000000083f00000, 0x0000000083f00000| Untracked 
|  64|0x0000000084000000, 0x0000000084000000, 0x0000000084100000|  0%| F|  |TAMS 0x0000000084000000, 0x0000000084000000| Untracked 
|  65|0x0000000084100000, 0x0000000084100000, 0x0000000084200000|  0%| F|  |TAMS 0x0000000084100000, 0x0000000084100000| Untracked 
|  66|0x0000000084200000, 0x0000000084200000, 0x0000000084300000|  0%| F|  |TAMS 0x0000000084200000, 0x0000000084200000| Untracked 
|  67|0x0000000084300000, 0x0000000084300000, 0x0000000084400000|  0%| F|  |TAMS 0x0000000084300000, 0x0000000084300000| Untracked 
|  68|0x0000000084400000, 0x0000000084400000, 0x0000000084500000|  0%| F|  |TAMS 0x0000000084400000, 0x0000000084400000| Untracked 
|  69|0x0000000084500000, 0x0000000084500000, 0x0000000084600000|  0%| F|  |TAMS 0x0000000084500000, 0x0000000084500000| Untracked 
|  70|0x0000000084600000, 0x0000000084600000, 0x0000000084700000|  0%| F|  |TAMS 0x0000000084600000, 0x0000000084600000| Untracked 
|  71|0x0000000084700000, 0x0000000084700000, 0x0000000084800000|  0%| F|  |TAMS 0x0000000084700000, 0x0000000084700000| Untracked 
|  72|0x0000000084800000, 0x0000000084800000, 0x0000000084900000|  0%| F|  |TAMS 0x0000000084800000, 0x0000000084800000| Untracked 
|  73|0x0000000084900000, 0x0000000084900000, 0x0000000084a00000|  0%| F|  |TAMS 0x0000000084900000, 0x0000000084900000| Untracked 
|  74|0x0000000084a00000, 0x0000000084a00000, 0x0000000084b00000|  0%| F|  |TAMS 0x0000000084a00000, 0x0000000084a00000| Untracked 
|  75|0x0000000084b00000, 0x0000000084b00000, 0x0000000084c00000|  0%| F|  |TAMS 0x0000000084b00000, 0x0000000084b00000| Untracked 
|  76|0x0000000084c00000, 0x0000000084c00000, 0x0000000084d00000|  0%| F|  |TAMS 0x0000000084c00000, 0x0000000084c00000| Untracked 
|  77|0x0000000084d00000, 0x0000000084d00000, 0x0000000084e00000|  0%| F|  |TAMS 0x0000000084d00000, 0x0000000084d00000| Untracked 
|  78|0x0000000084e00000, 0x0000000084e00000, 0x0000000084f00000|  0%| F|  |TAMS 0x0000000084e00000, 0x0000000084e00000| Untracked 
|  79|0x0000000084f00000, 0x0000000084f00000, 0x0000000085000000|  0%| F|  |TAMS 0x0000000084f00000, 0x0000000084f00000| Untracked 
|  80|0x0000000085000000, 0x0000000085000000, 0x0000000085100000|  0%| F|  |TAMS 0x0000000085000000, 0x0000000085000000| Untracked 
|  81|0x0000000085100000, 0x0000000085100000, 0x0000000085200000|  0%| F|  |TAMS 0x0000000085100000, 0x0000000085100000| Untracked 
|  82|0x0000000085200000, 0x0000000085200000, 0x0000000085300000|  0%| F|  |TAMS 0x0000000085200000, 0x0000000085200000| Untracked 
|  83|0x0000000085300000, 0x0000000085300000, 0x0000000085400000|  0%| F|  |TAMS 0x0000000085300000, 0x0000000085300000| Untracked 
|  84|0x0000000085400000, 0x0000000085400000, 0x0000000085500000|  0%| F|  |TAMS 0x0000000085400000, 0x0000000085400000| Untracked 
|  85|0x0000000085500000, 0x0000000085500000, 0x0000000085600000|  0%| F|  |TAMS 0x0000000085500000, 0x0000000085500000| Untracked 
|  86|0x0000000085600000, 0x0000000085600000, 0x0000000085700000|  0%| F|  |TAMS 0x0000000085600000, 0x0000000085600000| Untracked 
|  87|0x0000000085700000, 0x0000000085700000, 0x0000000085800000|  0%| F|  |TAMS 0x0000000085700000, 0x0000000085700000| Untracked 
|  88|0x0000000085800000, 0x0000000085800000, 0x0000000085900000|  0%| F|  |TAMS 0x0000000085800000, 0x0000000085800000| Untracked 
|  89|0x0000000085900000, 0x0000000085900000, 0x0000000085a00000|  0%| F|  |TAMS 0x0000000085900000, 0x0000000085900000| Untracked 
|  90|0x0000000085a00000, 0x0000000085a00000, 0x0000000085b00000|  0%| F|  |TAMS 0x0000000085a00000, 0x0000000085a00000| Untracked 
|  91|0x0000000085b00000, 0x0000000085b00000, 0x0000000085c00000|  0%| F|  |TAMS 0x0000000085b00000, 0x0000000085b00000| Untracked 
|  92|0x0000000085c00000, 0x0000000085c00000, 0x0000000085d00000|  0%| F|  |TAMS 0x0000000085c00000, 0x0000000085c00000| Untracked 
|  93|0x0000000085d00000, 0x0000000085d00000, 0x0000000085e00000|  0%| F|  |TAMS 0x0000000085d00000, 0x0000000085d00000| Untracked 
|  94|0x0000000085e00000, 0x0000000085e00000, 0x0000000085f00000|  0%| F|  |TAMS 0x0000000085e00000, 0x0000000085e00000| Untracked 
|  95|0x0000000085f00000, 0x0000000085f00000, 0x0000000086000000|  0%| F|  |TAMS 0x0000000085f00000, 0x0000000085f00000| Untracked 
|  96|0x0000000086000000, 0x0000000086000000, 0x0000000086100000|  0%| F|  |TAMS 0x0000000086000000, 0x0000000086000000| Untracked 
|  97|0x0000000086100000, 0x0000000086100000, 0x0000000086200000|  0%| F|  |TAMS 0x0000000086100000, 0x0000000086100000| Untracked 
|  98|0x0000000086200000, 0x0000000086200000, 0x0000000086300000|  0%| F|  |TAMS 0x0000000086200000, 0x0000000086200000| Untracked 
|  99|0x0000000086300000, 0x0000000086300000, 0x0000000086400000|  0%| F|  |TAMS 0x0000000086300000, 0x0000000086300000| Untracked 
| 100|0x0000000086400000, 0x0000000086400000, 0x0000000086500000|  0%| F|  |TAMS 0x0000000086400000, 0x0000000086400000| Untracked 
| 101|0x0000000086500000, 0x0000000086500000, 0x0000000086600000|  0%| F|  |TAMS 0x0000000086500000, 0x0000000086500000| Untracked 
| 102|0x0000000086600000, 0x0000000086600000, 0x0000000086700000|  0%| F|  |TAMS 0x0000000086600000, 0x0000000086600000| Untracked 
| 103|0x0000000086700000, 0x0000000086700000, 0x0000000086800000|  0%| F|  |TAMS 0x0000000086700000, 0x0000000086700000| Untracked 
| 104|0x0000000086800000, 0x0000000086900000, 0x0000000086900000|100%| E|  |TAMS 0x0000000086800000, 0x0000000086800000| Complete 
| 105|0x0000000086900000, 0x0000000086a00000, 0x0000000086a00000|100%| E|CS|TAMS 0x0000000086900000, 0x0000000086900000| Complete 
| 106|0x0000000086a00000, 0x0000000086b00000, 0x0000000086b00000|100%| E|CS|TAMS 0x0000000086a00000, 0x0000000086a00000| Complete 
| 107|0x0000000086b00000, 0x0000000086c00000, 0x0000000086c00000|100%| E|CS|TAMS 0x0000000086b00000, 0x0000000086b00000| Complete 
| 108|0x0000000086c00000, 0x0000000086d00000, 0x0000000086d00000|100%| E|CS|TAMS 0x0000000086c00000, 0x0000000086c00000| Complete 
| 109|0x0000000086d00000, 0x0000000086e00000, 0x0000000086e00000|100%| E|CS|TAMS 0x0000000086d00000, 0x0000000086d00000| Complete 
| 110|0x0000000086e00000, 0x0000000086f00000, 0x0000000086f00000|100%| E|CS|TAMS 0x0000000086e00000, 0x0000000086e00000| Complete 
| 111|0x0000000086f00000, 0x0000000087000000, 0x0000000087000000|100%| E|CS|TAMS 0x0000000086f00000, 0x0000000086f00000| Complete 
| 112|0x0000000087000000, 0x0000000087100000, 0x0000000087100000|100%| E|CS|TAMS 0x0000000087000000, 0x0000000087000000| Complete 
| 113|0x0000000087100000, 0x0000000087200000, 0x0000000087200000|100%| E|CS|TAMS 0x0000000087100000, 0x0000000087100000| Complete 
| 114|0x0000000087200000, 0x0000000087300000, 0x0000000087300000|100%| E|CS|TAMS 0x0000000087200000, 0x0000000087200000| Complete 
| 115|0x0000000087300000, 0x0000000087400000, 0x0000000087400000|100%| E|CS|TAMS 0x0000000087300000, 0x0000000087300000| Complete 
| 116|0x0000000087400000, 0x0000000087500000, 0x0000000087500000|100%| E|CS|TAMS 0x0000000087400000, 0x0000000087400000| Complete 
| 117|0x0000000087500000, 0x0000000087600000, 0x0000000087600000|100%| E|CS|TAMS 0x0000000087500000, 0x0000000087500000| Complete 
| 118|0x0000000087600000, 0x0000000087700000, 0x0000000087700000|100%| E|CS|TAMS 0x0000000087600000, 0x0000000087600000| Complete 
| 119|0x0000000087700000, 0x0000000087800000, 0x0000000087800000|100%| E|CS|TAMS 0x0000000087700000, 0x0000000087700000| Complete 
| 120|0x0000000087800000, 0x0000000087900000, 0x0000000087900000|100%| E|CS|TAMS 0x0000000087800000, 0x0000000087800000| Complete 
| 121|0x0000000087900000, 0x0000000087a00000, 0x0000000087a00000|100%| E|CS|TAMS 0x0000000087900000, 0x0000000087900000| Complete 
| 122|0x0000000087a00000, 0x0000000087b00000, 0x0000000087b00000|100%| E|CS|TAMS 0x0000000087a00000, 0x0000000087a00000| Complete 
| 123|0x0000000087b00000, 0x0000000087c00000, 0x0000000087c00000|100%| E|CS|TAMS 0x0000000087b00000, 0x0000000087b00000| Complete 
| 124|0x0000000087c00000, 0x0000000087d00000, 0x0000000087d00000|100%| E|CS|TAMS 0x0000000087c00000, 0x0000000087c00000| Complete 
| 125|0x0000000087d00000, 0x0000000087e00000, 0x0000000087e00000|100%| E|CS|TAMS 0x0000000087d00000, 0x0000000087d00000| Complete 

Card table byte_map: [0x0000015c24390000,0x0000015c24790000] _byte_map_base: 0x0000015c23f90000

Marking Bits (Prev, Next): (CMBitMap*) 0x0000015c0d407ea0, (CMBitMap*) 0x0000015c0d407ee0
 Prev Bits: [0x0000015c24b90000, 0x0000015c26b90000)
 Next Bits: [0x0000015c26b90000, 0x0000015c28b90000)

Polling page: 0x0000015c0b510000

Metaspace:

Usage:
  Non-class:     16.18 MB used.
      Class:      2.74 MB used.
       Both:     18.92 MB used.

Virtual space:
  Non-class space:       64.00 MB reserved,      16.31 MB ( 25%) committed,  1 nodes.
      Class space:      416.00 MB reserved,       2.88 MB ( <1%) committed,  1 nodes.
             Both:      480.00 MB reserved,      19.19 MB (  4%) committed. 

Chunk freelists:
   Non-Class:  15.50 MB
       Class:  13.13 MB
        Both:  28.63 MB

MaxMetaspaceSize: 512.00 MB
CompressedClassSpaceSize: 416.00 MB
Initial GC threshold: 21.00 MB
Current GC threshold: 21.00 MB
CDS: on
MetaspaceReclaimPolicy: balanced
 - commit_granule_bytes: 65536.
 - commit_granule_words: 8192.
 - virtual_space_node_default_size: 8388608.
 - enlarge_chunks_in_place: 1.
 - new_chunks_are_fully_committed: 0.
 - uncommit_free_chunks: 1.
 - use_allocation_guard: 0.
 - handle_deallocations: 1.


Internal statistics:

num_allocs_failed_limit: 0.
num_arena_births: 222.
num_arena_deaths: 0.
num_vsnodes_births: 2.
num_vsnodes_deaths: 0.
num_space_committed: 307.
num_space_uncommitted: 0.
num_chunks_returned_to_freelist: 0.
num_chunks_taken_from_freelist: 911.
num_chunk_merges: 0.
num_chunk_splits: 592.
num_chunks_enlarged: 432.
num_inconsistent_stats: 0.

CodeHeap 'non-profiled nmethods': size=120000Kb used=1373Kb max_used=1373Kb free=118626Kb
 bounds [0x0000015c1c730000, 0x0000015c1c9a0000, 0x0000015c23c60000]
CodeHeap 'profiled nmethods': size=120000Kb used=5446Kb max_used=5446Kb free=114553Kb
 bounds [0x0000015c14c60000, 0x0000015c151c0000, 0x0000015c1c190000]
CodeHeap 'non-nmethods': size=5760Kb used=1237Kb max_used=1321Kb free=4522Kb
 bounds [0x0000015c1c190000, 0x0000015c1c400000, 0x0000015c1c730000]
 total_blobs=3159 nmethods=2614 adapters=457
 compilation: enabled
              stopped_count=0, restarted_count=0
 full_count=0

Compilation events (20 events):
Event: 6.590 Thread 0x0000015c2b5e49a0 nmethod 2557 0x0000015c1518f790 code [0x0000015c1518f980, 0x0000015c1518fdf8]
Event: 6.590 Thread 0x0000015c2b5e49a0 2555       3       java.lang.invoke.InvokerBytecodeGenerator::emitStoreResult (27 bytes)
Event: 6.590 Thread 0x0000015c2b5e49a0 nmethod 2555 0x0000015c15190090 code [0x0000015c15190240, 0x0000015c15190428]
Event: 6.590 Thread 0x0000015c2b5e49a0 2556       3       java.lang.invoke.LambdaForm$NamedFunction::intrinsicName (21 bytes)
Event: 6.590 Thread 0x0000015c2b5e49a0 nmethod 2556 0x0000015c15190510 code [0x0000015c151906c0, 0x0000015c15190908]
Event: 6.606 Thread 0x0000015c2b5e49a0 2558       1       org.gradle.launcher.daemon.server.exec.DaemonConnectionBackedEventConsumer::access$000 (5 bytes)
Event: 6.606 Thread 0x0000015c2b5e49a0 nmethod 2558 0x0000015c1c884690 code [0x0000015c1c884820, 0x0000015c1c8848d8]
Event: 6.609 Thread 0x0000015c2b5e49a0 2559       3       jdk.internal.reflect.ConstantPool::getIntAt (10 bytes)
Event: 6.610 Thread 0x0000015c2b5e49a0 nmethod 2559 0x0000015c15190a10 code [0x0000015c15190ba0, 0x0000015c15190ce8]
Event: 6.776 Thread 0x0000015c2b5e49a0 2565       3       jdk.internal.org.objectweb.asm.FieldWriter::computeFieldInfoSize (86 bytes)
Event: 6.776 Thread 0x0000015c2b5e49a0 nmethod 2565 0x0000015c15190d90 code [0x0000015c15190f60, 0x0000015c15191238]
Event: 6.776 Thread 0x0000015c2b5e49a0 2566       3       jdk.internal.org.objectweb.asm.FieldWriter::putFieldInfo (269 bytes)
Event: 6.778 Thread 0x0000015c2b5e49a0 nmethod 2566 0x0000015c15191390 code [0x0000015c15191600, 0x0000015c15191f48]
Event: 6.778 Thread 0x0000015c2b5e49a0 2567       3       java.lang.invoke.MethodHandles$Lookup::getDirectMethodNoSecurityManager (18 bytes)
Event: 6.778 Thread 0x0000015c2b5e49a0 nmethod 2567 0x0000015c15192290 code [0x0000015c15192420, 0x0000015c15192568]
Event: 6.805 Thread 0x0000015c2b5e49a0 2569       3       jdk.internal.reflect.Reflection::isSubclassOf (21 bytes)
Event: 6.806 Thread 0x0000015c2b5e49a0 nmethod 2569 0x0000015c15192610 code [0x0000015c151927c0, 0x0000015c15192a08]
Event: 6.806 Thread 0x0000015c2b5e49a0 2568       3       jdk.internal.reflect.ReflectionFactory::newConstructorAccessor (155 bytes)
Event: 6.809 Thread 0x0000015c2b5e49a0 nmethod 2568 0x0000015c15192b10 code [0x0000015c15192e80, 0x0000015c15194558]
Event: 6.829 Thread 0x0000015c2b5e49a0 2570       3       java.lang.Class::copyMethods (36 bytes)

GC Heap History (8 events):
Event: 0.768 GC heap before
{Heap before GC invocations=0 (full 0):
 garbage-first heap   total 129024K, used 23552K [0x0000000080000000, 0x0000000100000000)
  region size 1024K, 23 young (23552K), 0 survivors (0K)
 Metaspace       used 1028K, committed 1152K, reserved 491520K
  class space    used 72K, committed 128K, reserved 425984K
}
Event: 0.772 GC heap after
{Heap after GC invocations=1 (full 0):
 garbage-first heap   total 129024K, used 1877K [0x0000000080000000, 0x0000000100000000)
  region size 1024K, 2 young (2048K), 2 survivors (2048K)
 Metaspace       used 1028K, committed 1152K, reserved 491520K
  class space    used 72K, committed 128K, reserved 425984K
}
Event: 2.119 GC heap before
{Heap before GC invocations=1 (full 0):
 garbage-first heap   total 129024K, used 39765K [0x0000000080000000, 0x0000000100000000)
  region size 1024K, 37 young (37888K), 2 survivors (2048K)
 Metaspace       used 4353K, committed 4544K, reserved 491520K
  class space    used 547K, committed 640K, reserved 425984K
}
Event: 2.129 GC heap after
{Heap after GC invocations=2 (full 0):
 garbage-first heap   total 129024K, used 11063K [0x0000000080000000, 0x0000000100000000)
  region size 1024K, 5 young (5120K), 5 survivors (5120K)
 Metaspace       used 4353K, committed 4544K, reserved 491520K
  class space    used 547K, committed 640K, reserved 425984K
}
Event: 3.149 GC heap before
{Heap before GC invocations=2 (full 0):
 garbage-first heap   total 129024K, used 60215K [0x0000000080000000, 0x0000000100000000)
  region size 1024K, 51 young (52224K), 5 survivors (5120K)
 Metaspace       used 4622K, committed 4864K, reserved 491520K
  class space    used 585K, committed 704K, reserved 425984K
}
Event: 3.160 GC heap after
{Heap after GC invocations=3 (full 0):
 garbage-first heap   total 129024K, used 16763K [0x0000000080000000, 0x0000000100000000)
  region size 1024K, 5 young (5120K), 5 survivors (5120K)
 Metaspace       used 4622K, committed 4864K, reserved 491520K
  class space    used 585K, committed 704K, reserved 425984K
}
Event: 6.003 GC heap before
{Heap before GC invocations=3 (full 0):
 garbage-first heap   total 129024K, used 88443K [0x0000000080000000, 0x0000000100000000)
  region size 1024K, 75 young (76800K), 5 survivors (5120K)
 Metaspace       used 16820K, committed 17152K, reserved 491520K
  class space    used 2377K, committed 2560K, reserved 425984K
}
Event: 6.015 GC heap after
{Heap after GC invocations=4 (full 0):
 garbage-first heap   total 129024K, used 21908K [0x0000000080000000, 0x0000000100000000)
  region size 1024K, 10 young (10240K), 10 survivors (10240K)
 Metaspace       used 16820K, committed 17152K, reserved 491520K
  class space    used 2377K, committed 2560K, reserved 425984K
}

Deoptimization events (20 events):
Event: 5.380 Thread 0x0000015c4b3299d0 Uncommon trap: trap_request=0xffffff45 fr.pc=0x0000015c1c832cb0 relative=0x0000000000000370
Event: 5.380 Thread 0x0000015c4b3299d0 Uncommon trap: reason=unstable_if action=reinterpret pc=0x0000015c1c832cb0 method=java.lang.invoke.VarHandle.getTypesAndInvokers()Ljava/lang/invoke/VarHandle$TypesAndInvokers; @ 6 c2
Event: 5.380 Thread 0x0000015c4b3299d0 DEOPT PACKING pc=0x0000015c1c832cb0 sp=0x0000002452afad20
Event: 5.380 Thread 0x0000015c4b3299d0 DEOPT UNPACKING pc=0x0000015c1c1e23a3 sp=0x0000002452afabb0 mode 2
Event: 5.380 Thread 0x0000015c4b3299d0 Uncommon trap: trap_request=0xffffff45 fr.pc=0x0000015c1c8333c8 relative=0x00000000000000a8
Event: 5.380 Thread 0x0000015c4b3299d0 Uncommon trap: reason=unstable_if action=reinterpret pc=0x0000015c1c8333c8 method=jdk.internal.misc.Unsafe.convEndian(ZI)I @ 4 c2
Event: 5.380 Thread 0x0000015c4b3299d0 DEOPT PACKING pc=0x0000015c1c8333c8 sp=0x0000002452afacd0
Event: 5.380 Thread 0x0000015c4b3299d0 DEOPT UNPACKING pc=0x0000015c1c1e23a3 sp=0x0000002452afab80 mode 2
Event: 5.380 Thread 0x0000015c4b3299d0 Uncommon trap: trap_request=0xffffff45 fr.pc=0x0000015c1c832374 relative=0x0000000000000074
Event: 5.380 Thread 0x0000015c4b3299d0 Uncommon trap: reason=unstable_if action=reinterpret pc=0x0000015c1c832374 method=jdk.internal.misc.Unsafe.convEndian(ZI)I @ 4 c2
Event: 5.380 Thread 0x0000015c4b3299d0 DEOPT PACKING pc=0x0000015c1c832374 sp=0x0000002452afac80
Event: 5.380 Thread 0x0000015c4b3299d0 DEOPT UNPACKING pc=0x0000015c1c1e23a3 sp=0x0000002452afabb0 mode 2
Event: 5.417 Thread 0x0000015c4b3299d0 Uncommon trap: trap_request=0xffffff45 fr.pc=0x0000015c1c74d9e8 relative=0x0000000000000ae8
Event: 5.417 Thread 0x0000015c4b3299d0 Uncommon trap: reason=unstable_if action=reinterpret pc=0x0000015c1c74d9e8 method=java.io.WinNTFileSystem.resolve(Ljava/lang/String;Ljava/lang/String;)Ljava/lang/String; @ 19 c2
Event: 5.417 Thread 0x0000015c4b3299d0 DEOPT PACKING pc=0x0000015c1c74d9e8 sp=0x0000002452afb0d0
Event: 5.417 Thread 0x0000015c4b3299d0 DEOPT UNPACKING pc=0x0000015c1c1e23a3 sp=0x0000002452afb078 mode 2
Event: 5.418 Thread 0x0000015c4b3299d0 Uncommon trap: trap_request=0xffffff45 fr.pc=0x0000015c1c75bc74 relative=0x0000000000000634
Event: 5.418 Thread 0x0000015c4b3299d0 Uncommon trap: reason=unstable_if action=reinterpret pc=0x0000015c1c75bc74 method=java.io.File.getName()Ljava/lang/String; @ 16 c2
Event: 5.418 Thread 0x0000015c4b3299d0 DEOPT PACKING pc=0x0000015c1c75bc74 sp=0x0000002452afb080
Event: 5.418 Thread 0x0000015c4b3299d0 DEOPT UNPACKING pc=0x0000015c1c1e23a3 sp=0x0000002452afb050 mode 2

Classes unloaded (0 events):
No events

Classes redefined (0 events):
No events

Internal exceptions (20 events):
Event: 4.802 Thread 0x0000015c4b3299d0 Exception <a 'java/lang/NoSuchMethodError'{0x0000000085c142f0}: 'void java.lang.invoke.DirectMethodHandle$Holder.invokeStatic(java.lang.Object, java.lang.Object)'> (0x0000000085c142f0) 
thrown [s\open\src\hotspot\share\interpreter\linkResolver.cpp, line 759]
Event: 4.875 Thread 0x0000015c4b3299d0 Exception <a 'java/lang/NoSuchMethodError'{0x0000000085aaa478}: 'int java.lang.invoke.DirectMethodHandle$Holder.invokeVirtual(java.lang.Object, java.lang.Object, java.lang.Object)'> (0x0000000085aaa478) 
thrown [s\open\src\hotspot\share\interpreter\linkResolver.cpp, line 759]
Event: 4.959 Thread 0x0000015c4b3299d0 Exception <a 'java/lang/NoSuchMethodError'{0x00000000857562d8}: 'java.lang.Object java.lang.invoke.DirectMethodHandle$Holder.newInvokeSpecial(java.lang.Object, java.lang.Object, java.lang.Object, java.lang.Object, java.lang.Object, java.lang.Object)'> (0x00000000857562d8) 
thrown [s\open\src\hotspot\share\interpreter\linkResolver.cpp, line 759]
Event: 5.055 Thread 0x0000015c4b3299d0 Exception <a 'java/lang/NoSuchMethodError'{0x00000000854612d8}: 'void java.lang.invoke.DelegatingMethodHandle$Holder.reinvoke_L(java.lang.Object, java.lang.Object, java.lang.Object, java.lang.Object, java.lang.Object, java.lang.Object, java.lang.Object, java.lang.Object, java.lang.Object, java.lang.Object)'> (0x00000000854612d8) 
thrown [s\open\src\hotspot\share\interpreter\linkResolver.cpp, line 759]
Event: 5.056 Thread 0x0000015c4b3299d0 Exception <a 'java/lang/NoSuchMethodError'{0x0000000085469748}: 'java.lang.Object java.lang.invoke.DirectMethodHandle$Holder.invokeSpecial(java.lang.Object, java.lang.Object, java.lang.Object, java.lang.Object, java.lang.Object, java.lang.Object, java.lang.Object, java.lang.Object, java.lang.Object, java.lang.Object)'> (0x0000000085469748) 
thrown [s\open\src\hotspot\share\interpreter\linkResolver.cpp, line 759]
Event: 5.056 Thread 0x0000015c4b3299d0 Exception <a 'java/lang/NoSuchMethodError'{0x000000008546e018}: 'java.lang.Object java.lang.invoke.Invokers$Holder.invoker(java.lang.Object, java.lang.Object, java.lang.Object, java.lang.Object, java.lang.Object, java.lang.Object, java.lang.Object, java.lang.Object, java.lang.Object, java.lang.Object)'> (0x000000008546e018) 
thrown [s\open\src\hotspot\share\interpreter\linkResolver.cpp, line 759]
Event: 5.057 Thread 0x0000015c4b3299d0 Exception <a 'java/lang/NoSuchMethodError'{0x0000000085473c20}: 'java.lang.Object java.lang.invoke.DirectMethodHandle$Holder.invokeSpecial(java.lang.Object, java.lang.Object, java.lang.Object, java.lang.Object, java.lang.Object, java.lang.Object, java.lang.Object, java.lang.Object, java.lang.Object, java.lang.Object, java.lang.Object)'> (0x0000000085473c20) 
thrown [s\open\src\hotspot\share\interpreter\linkResolver.cpp, line 759]
Event: 5.250 Thread 0x0000015c4b3299d0 Exception <a 'java/lang/NoSuchMethodError'{0x0000000084cae578}: 'java.lang.Object java.lang.invoke.DirectMethodHandle$Holder.newInvokeSpecial(java.lang.Object, java.lang.Object, int)'> (0x0000000084cae578) 
thrown [s\open\src\hotspot\share\interpreter\linkResolver.cpp, line 759]
Event: 5.380 Thread 0x0000015c4b3299d0 Implicit null exception at 0x0000015c1c832980 to 0x0000015c1c832c88
Event: 5.433 Thread 0x0000015c4b3299d0 Exception <a 'java/lang/NoSuchMethodError'{0x00000000842849b8}: 'void java.lang.invoke.DirectMethodHandle$Holder.invokeStatic(java.lang.Object, java.lang.Object, java.lang.Object, java.lang.Object)'> (0x00000000842849b8) 
thrown [s\open\src\hotspot\share\interpreter\linkResolver.cpp, line 759]
Event: 5.433 Thread 0x0000015c4b3299d0 Exception <a 'java/lang/NoSuchMethodError'{0x0000000084288e58}: 'void java.lang.invoke.DirectMethodHandle$Holder.invokeStaticInit(java.lang.Object, java.lang.Object, java.lang.Object, java.lang.Object)'> (0x0000000084288e58) 
thrown [s\open\src\hotspot\share\interpreter\linkResolver.cpp, line 759]
Event: 5.446 Thread 0x0000015c4b3299d0 Exception <a 'java/lang/NoSuchMethodError'{0x00000000842e8070}: 'java.lang.Object java.lang.invoke.DirectMethodHandle$Holder.invokeInterface(java.lang.Object, java.lang.Object, java.lang.Object)'> (0x00000000842e8070) 
thrown [s\open\src\hotspot\share\interpreter\linkResolver.cpp, line 759]
Event: 5.467 Thread 0x0000015c4b3299d0 Exception <a 'java/lang/NoSuchMethodError'{0x00000000841cfc00}: 'int java.lang.invoke.DirectMethodHandle$Holder.invokeSpecialIFC(java.lang.Object, java.lang.Object, java.lang.Object, java.lang.Object)'> (0x00000000841cfc00) 
thrown [s\open\src\hotspot\share\interpreter\linkResolver.cpp, line 759]
Event: 5.469 Thread 0x0000015c4b3299d0 Exception <a 'java/lang/IncompatibleClassChangeError'{0x00000000841de998}: Found class java.lang.Object, but interface was expected> (0x00000000841de998) 
thrown [s\open\src\hotspot\share\interpreter\linkResolver.cpp, line 826]
Event: 5.541 Thread 0x0000015c4b3299d0 Exception <a 'java/lang/NoSuchMethodError'{0x0000000083fea748}: 'int java.lang.invoke.DirectMethodHandle$Holder.invokeStatic(java.lang.Object, java.lang.Object, java.lang.Object, java.lang.Object)'> (0x0000000083fea748) 
thrown [s\open\src\hotspot\share\interpreter\linkResolver.cpp, line 759]
Event: 5.541 Thread 0x0000015c4b3299d0 Exception <a 'java/lang/NoSuchMethodError'{0x0000000083fee618}: 'java.lang.Object java.lang.invoke.Invokers$Holder.invokeExact_MT(java.lang.Object, java.lang.Object, java.lang.Object, java.lang.Object, java.lang.Object, java.lang.Object)'> (0x0000000083fee618) 
thrown [s\open\src\hotspot\share\interpreter\linkResolver.cpp, line 759]
Event: 6.171 Thread 0x0000015c4b3299d0 Exception <a 'java/lang/NoSuchMethodError'{0x0000000087ab0f48}: 'int java.lang.invoke.DirectMethodHandle$Holder.invokeStaticInit(java.lang.Object, java.lang.Object, java.lang.Object)'> (0x0000000087ab0f48) 
thrown [s\open\src\hotspot\share\interpreter\linkResolver.cpp, line 759]
Event: 6.585 Thread 0x0000015c4b3299d0 Exception <a 'java/lang/NoSuchMethodError'{0x0000000086fd4f88}: 'void java.lang.invoke.DirectMethodHandle$Holder.invokeSpecial(java.lang.Object, java.lang.Object, java.lang.Object, java.lang.Object, java.lang.Object)'> (0x0000000086fd4f88) 
thrown [s\open\src\hotspot\share\interpreter\linkResolver.cpp, line 759]
Event: 6.586 Thread 0x0000015c4b3299d0 Exception <a 'java/lang/NoSuchMethodError'{0x0000000086fdc8e8}: 'java.lang.Object java.lang.invoke.Invokers$Holder.invoker(java.lang.Object, java.lang.Object, java.lang.Object, java.lang.Object)'> (0x0000000086fdc8e8) 
thrown [s\open\src\hotspot\share\interpreter\linkResolver.cpp, line 759]
Event: 6.775 Thread 0x0000015c4b3299d0 Exception <a 'java/lang/NoSuchMethodError'{0x0000000086bb77a0}: 'java.lang.Object java.lang.invoke.DirectMethodHandle$Holder.invokeVirtual(java.lang.Object, java.lang.Object, java.lang.Object, java.lang.Object)'> (0x0000000086bb77a0) 
thrown [s\open\src\hotspot\share\interpreter\linkResolver.cpp, line 759]

VM Operations (20 events):
Event: 3.913 Executing VM operation: HandshakeAllThreads
Event: 3.913 Executing VM operation: HandshakeAllThreads done
Event: 3.996 Executing VM operation: HandshakeAllThreads
Event: 3.996 Executing VM operation: HandshakeAllThreads done
Event: 4.028 Executing VM operation: HandshakeAllThreads
Event: 4.028 Executing VM operation: HandshakeAllThreads done
Event: 4.120 Executing VM operation: HandshakeAllThreads
Event: 4.120 Executing VM operation: HandshakeAllThreads done
Event: 4.328 Executing VM operation: HandshakeAllThreads
Event: 4.328 Executing VM operation: HandshakeAllThreads done
Event: 4.328 Executing VM operation: Cleanup
Event: 4.328 Executing VM operation: Cleanup done
Event: 5.342 Executing VM operation: Cleanup
Event: 5.342 Executing VM operation: Cleanup done
Event: 5.630 Executing VM operation: HandshakeAllThreads
Event: 5.630 Executing VM operation: HandshakeAllThreads done
Event: 5.631 Executing VM operation: HandshakeAllThreads
Event: 5.631 Executing VM operation: HandshakeAllThreads done
Event: 6.003 Executing VM operation: G1CollectForAllocation
Event: 6.015 Executing VM operation: G1CollectForAllocation done

Events (20 events):
Event: 6.099 loading class java/io/ObjectOutput done
Event: 6.099 loading class java/io/ObjectStreamConstants
Event: 6.099 loading class java/io/ObjectStreamConstants done
Event: 6.100 loading class java/io/ObjectOutputStream done
Event: 6.101 loading class java/io/ObjectInputStream
Event: 6.103 loading class java/io/ObjectInput
Event: 6.103 loading class java/io/ObjectInput done
Event: 6.104 loading class java/io/ObjectInputStream done
Event: 6.686 loading class javax/xml/parsers/ParserConfigurationException
Event: 6.688 loading class javax/xml/parsers/ParserConfigurationException done
Event: 6.688 loading class org/xml/sax/SAXException
Event: 6.688 loading class org/xml/sax/SAXException done
Event: 6.688 loading class javax/xml/xpath/XPathExpressionException
Event: 6.688 loading class javax/xml/xpath/XPathException
Event: 6.690 loading class javax/xml/xpath/XPathException done
Event: 6.690 loading class javax/xml/xpath/XPathExpressionException done
Event: 6.691 loading class org/xml/sax/ErrorHandler
Event: 6.693 loading class org/xml/sax/ErrorHandler done
Event: 6.710 loading class java/nio/file/AtomicMoveNotSupportedException
Event: 6.711 loading class java/nio/file/AtomicMoveNotSupportedException done


Dynamic libraries:
0x00007ff7a4dc0000 - 0x00007ff7a4dd0000 	C:\Program Files\Java\jdk-17\bin\java.exe
0x00007ffcd4020000 - 0x00007ffcd4287000 	C:\WINDOWS\SYSTEM32\ntdll.dll
0x00007ffcd3350000 - 0x00007ffcd3419000 	C:\WINDOWS\System32\KERNEL32.DLL
0x00007ffcd1600000 - 0x00007ffcd19f0000 	C:\WINDOWS\System32\KERNELBASE.dll
0x00007ffcd1a00000 - 0x00007ffcd1b4b000 	C:\WINDOWS\System32\ucrtbase.dll
0x00007ffcc1400000 - 0x00007ffcc141b000 	C:\Program Files\Java\jdk-17\bin\VCRUNTIME140.dll
0x00007ffcc2be0000 - 0x00007ffcc2bf9000 	C:\Program Files\Java\jdk-17\bin\jli.dll
0x00007ffcd3b70000 - 0x00007ffcd3c24000 	C:\WINDOWS\System32\ADVAPI32.dll
0x00007ffcd2c70000 - 0x00007ffcd2d19000 	C:\WINDOWS\System32\msvcrt.dll
0x00007ffcd2320000 - 0x00007ffcd23c6000 	C:\WINDOWS\System32\sechost.dll
0x00007ffcd2b50000 - 0x00007ffcd2c68000 	C:\WINDOWS\System32\RPCRT4.dll
0x00007ffcd3d90000 - 0x00007ffcd3f55000 	C:\WINDOWS\System32\USER32.dll
0x00007ffcbd1b0000 - 0x00007ffcbd44a000 	C:\WINDOWS\WinSxS\amd64_microsoft.windows.common-controls_6595b64144ccf1df_6.0.26100.4768_none_3e0c112ce331287c\COMCTL32.dll
0x00007ffcd1cd0000 - 0x00007ffcd1cf7000 	C:\WINDOWS\System32\win32u.dll
0x00007ffcd3fb0000 - 0x00007ffcd3fdb000 	C:\WINDOWS\System32\GDI32.dll
0x00007ffcd1150000 - 0x00007ffcd1288000 	C:\WINDOWS\System32\gdi32full.dll
0x00007ffcd1d00000 - 0x00007ffcd1da3000 	C:\WINDOWS\System32\msvcp_win.dll
0x00007ffcc2f20000 - 0x00007ffcc2f2b000 	C:\WINDOWS\SYSTEM32\VERSION.dll
0x00007ffcd1e20000 - 0x00007ffcd1e4f000 	C:\WINDOWS\System32\IMM32.DLL
0x00007ffcc48f0000 - 0x00007ffcc48fc000 	C:\Program Files\Java\jdk-17\bin\vcruntime140_1.dll
0x00007ffc9b8d0000 - 0x00007ffc9b95e000 	C:\Program Files\Java\jdk-17\bin\msvcp140.dll
0x00007ffc59db0000 - 0x00007ffc5a990000 	C:\Program Files\Java\jdk-17\bin\server\jvm.dll
0x00007ffcd3340000 - 0x00007ffcd3348000 	C:\WINDOWS\System32\PSAPI.DLL
0x00007ffcc48d0000 - 0x00007ffcc48da000 	C:\WINDOWS\SYSTEM32\WSOCK32.dll
0x00007ffcd32c0000 - 0x00007ffcd3334000 	C:\WINDOWS\System32\WS2_32.dll
0x00007ffcbdc10000 - 0x00007ffcbdc45000 	C:\WINDOWS\SYSTEM32\WINMM.dll
0x00007ffccfed0000 - 0x00007ffccfeeb000 	C:\WINDOWS\SYSTEM32\kernel.appcore.dll
0x00007ffcc13c0000 - 0x00007ffcc13ca000 	C:\Program Files\Java\jdk-17\bin\jimage.dll
0x00007ffca9220000 - 0x00007ffca9461000 	C:\WINDOWS\SYSTEM32\DBGHELP.DLL
0x00007ffcd37c0000 - 0x00007ffcd3b45000 	C:\WINDOWS\System32\combase.dll
0x00007ffcd1e60000 - 0x00007ffcd1f40000 	C:\WINDOWS\System32\OLEAUT32.dll
0x00007ffcb0570000 - 0x00007ffcb05b3000 	C:\WINDOWS\SYSTEM32\dbgcore.DLL
0x00007ffcd1350000 - 0x00007ffcd13e9000 	C:\WINDOWS\System32\bcryptPrimitives.dll
0x00007ffcbd4e0000 - 0x00007ffcbd4ee000 	C:\Program Files\Java\jdk-17\bin\instrument.dll
0x00007ffcbf5f0000 - 0x00007ffcbf615000 	C:\Program Files\Java\jdk-17\bin\java.dll
0x00007ffc72520000 - 0x00007ffc725f7000 	C:\Program Files\Java\jdk-17\bin\jsvml.dll
0x00007ffcd23d0000 - 0x00007ffcd2b1d000 	C:\WINDOWS\System32\SHELL32.dll
0x00007ffcd1b50000 - 0x00007ffcd1cc3000 	C:\WINDOWS\System32\wintypes.dll
0x00007ffcced70000 - 0x00007ffccf5cf000 	C:\WINDOWS\SYSTEM32\windows.storage.dll
0x00007ffcd3c30000 - 0x00007ffcd3d25000 	C:\WINDOWS\System32\SHCORE.dll
0x00007ffcd1db0000 - 0x00007ffcd1e1a000 	C:\WINDOWS\System32\shlwapi.dll
0x00007ffcd1070000 - 0x00007ffcd1099000 	C:\WINDOWS\SYSTEM32\profapi.dll
0x00007ffcbd980000 - 0x00007ffcbd998000 	C:\Program Files\Java\jdk-17\bin\zip.dll
0x00007ffcbf860000 - 0x00007ffcbf879000 	C:\Program Files\Java\jdk-17\bin\net.dll
0x00007ffcc7d40000 - 0x00007ffcc7e5e000 	C:\WINDOWS\SYSTEM32\WINHTTP.dll
0x00007ffcd0460000 - 0x00007ffcd04cb000 	C:\WINDOWS\system32\mswsock.dll
0x00007ffcbf670000 - 0x00007ffcbf686000 	C:\Program Files\Java\jdk-17\bin\nio.dll
0x00007ffcc01a0000 - 0x00007ffcc01b0000 	C:\Program Files\Java\jdk-17\bin\verify.dll
0x00007ffcc4a30000 - 0x00007ffcc4a57000 	C:\Users\HomePC\.gradle\native\1def1411415f61bf3af743bc5b6707747c0891f09f0c88961ee8f79bc544acac\windows-amd64\native-platform.dll
0x00007ffc94e00000 - 0x00007ffc94e78000 	C:\Users\HomePC\.gradle\native\0.2.7\x86_64-windows-gnu\gradle-fileevents.dll
0x00007ffcbf830000 - 0x00007ffcbf83a000 	C:\Program Files\Java\jdk-17\bin\management.dll
0x00007ffcbd9c0000 - 0x00007ffcbd9cb000 	C:\Program Files\Java\jdk-17\bin\management_ext.dll
0x00007ffccf8e0000 - 0x00007ffccf913000 	C:\WINDOWS\SYSTEM32\IPHLPAPI.DLL
0x00007ffcd21a0000 - 0x00007ffcd21aa000 	C:\WINDOWS\System32\NSI.dll
0x00007ffcc7730000 - 0x00007ffcc774f000 	C:\WINDOWS\SYSTEM32\dhcpcsvc6.DLL
0x00007ffcc7700000 - 0x00007ffcc7725000 	C:\WINDOWS\SYSTEM32\dhcpcsvc.DLL
0x00007ffccf920000 - 0x00007ffccfa46000 	C:\WINDOWS\SYSTEM32\DNSAPI.dll
0x00007ffcd0720000 - 0x00007ffcd073b000 	C:\WINDOWS\SYSTEM32\CRYPTSP.dll
0x00007ffccfe30000 - 0x00007ffccfe6b000 	C:\WINDOWS\system32\rsaenh.dll
0x00007ffcd0500000 - 0x00007ffcd052b000 	C:\WINDOWS\SYSTEM32\USERENV.dll
0x00007ffcd1040000 - 0x00007ffcd1066000 	C:\WINDOWS\SYSTEM32\bcrypt.dll
0x00007ffcd0740000 - 0x00007ffcd074c000 	C:\WINDOWS\SYSTEM32\CRYPTBASE.dll
0x00007ffcbc5c0000 - 0x00007ffcbc5ce000 	C:\Program Files\Java\jdk-17\bin\sunmscapi.dll
0x00007ffcd1480000 - 0x00007ffcd15f7000 	C:\WINDOWS\System32\CRYPT32.dll
0x00007ffcd0940000 - 0x00007ffcd0970000 	C:\WINDOWS\SYSTEM32\ncrypt.dll
0x00007ffcd08f0000 - 0x00007ffcd092f000 	C:\WINDOWS\SYSTEM32\NTASN1.dll
0x00007ffc5f970000 - 0x00007ffc5f978000 	C:\WINDOWS\system32\wshunix.dll

dbghelp: loaded successfully - version: 4.0.5 - missing functions: none
symbol engine: initialized successfully - sym options: 0x614 - pdb path: .;C:\Program Files\Java\jdk-17\bin;C:\WINDOWS\SYSTEM32;C:\WINDOWS\WinSxS\amd64_microsoft.windows.common-controls_6595b64144ccf1df_6.0.26100.4768_none_3e0c112ce331287c;C:\Program Files\Java\jdk-17\bin\server;C:\Users\HomePC\.gradle\native\1def1411415f61bf3af743bc5b6707747c0891f09f0c88961ee8f79bc544acac\windows-amd64;C:\Users\HomePC\.gradle\native\0.2.7\x86_64-windows-gnu

VM Arguments:
jvm_args: --add-opens=java.base/java.lang=ALL-UNNAMED --add-opens=java.base/java.lang.invoke=ALL-UNNAMED --add-opens=java.base/java.util=ALL-UNNAMED --add-opens=java.prefs/java.util.prefs=ALL-UNNAMED --add-exports=jdk.compiler/com.sun.tools.javac.api=ALL-UNNAMED --add-exports=jdk.compiler/com.sun.tools.javac.util=ALL-UNNAMED --add-opens=java.base/java.util=ALL-UNNAMED --add-opens=java.prefs/java.util.prefs=ALL-UNNAMED --add-opens=java.base/java.nio.charset=ALL-UNNAMED --add-opens=java.base/java.net=ALL-UNNAMED --add-opens=java.base/java.util.concurrent.atomic=ALL-UNNAMED --add-opens=java.xml/javax.xml.namespace=ALL-UNNAMED -XX:MaxMetaspaceSize=512m -Xmx2048m -Dfile.encoding=windows-1252 -Duser.country=US -Duser.language=en -Duser.variant -javaagent:C:\Users\HomePC\.gradle\wrapper\dists\gradle-8.14.1-bin\baw1sv0jfoi8rxs14qo3h49cs\gradle-8.14.1\lib\agents\gradle-instrumentation-agent-8.14.1.jar 
java_command: org.gradle.launcher.daemon.bootstrap.GradleDaemon 8.14.1
java_class_path (initial): C:\Users\HomePC\.gradle\wrapper\dists\gradle-8.14.1-bin\baw1sv0jfoi8rxs14qo3h49cs\gradle-8.14.1\lib\gradle-daemon-main-8.14.1.jar
Launcher Type: SUN_STANDARD

[Global flags]
     intx CICompilerCount                          = 4                                         {product} {ergonomic}
   size_t CompressedClassSpaceSize                 = 436207616                                 {product} {ergonomic}
     uint ConcGCThreads                            = 2                                         {product} {ergonomic}
     uint G1ConcRefinementThreads                  = 8                                         {product} {ergonomic}
   size_t G1HeapRegionSize                         = 1048576                                   {product} {ergonomic}
    uintx GCDrainStackTargetSize                   = 64                                        {product} {ergonomic}
   size_t InitialHeapSize                          = 132120576                                 {product} {ergonomic}
   size_t MarkStackSize                            = 4194304                                   {product} {ergonomic}
   size_t MaxHeapSize                              = 2147483648                                {product} {command line}
   size_t MaxMetaspaceSize                         = 536870912                                 {product} {command line}
   size_t MaxNewSize                               = 1287651328                                {product} {ergonomic}
   size_t MinHeapDeltaBytes                        = 1048576                                   {product} {ergonomic}
   size_t MinHeapSize                              = 8388608                                   {product} {ergonomic}
    uintx NonNMethodCodeHeapSize                   = 5839372                                {pd product} {ergonomic}
    uintx NonProfiledCodeHeapSize                  = 122909434                              {pd product} {ergonomic}
    uintx ProfiledCodeHeapSize                     = 122909434                              {pd product} {ergonomic}
    uintx ReservedCodeCacheSize                    = 251658240                              {pd product} {ergonomic}
     bool SegmentedCodeCache                       = true                                      {product} {ergonomic}
   size_t SoftMaxHeapSize                          = 2147483648                             {manageable} {ergonomic}
     bool UseCompressedClassPointers               = true                           {product lp64_product} {ergonomic}
     bool UseCompressedOops                        = true                           {product lp64_product} {ergonomic}
     bool UseG1GC                                  = true                                      {product} {ergonomic}
     bool UseLargePagesIndividualAllocation        = false                                  {pd product} {ergonomic}

Logging:
Log output configuration:
 #0: stdout all=warning uptime,level,tags
 #1: stderr all=off uptime,level,tags

Environment Variables:
JAVA_HOME=C:\Program Files\Java\jdk-17
PATH=F:\X_wallet\node_modules\.bin;F:\X_wallet\node_modules\.bin;F:\node_modules\.bin;C:\Program Files\nodejs\node_modules\npm\node_modules\@npmcli\run-script\lib\node-gyp-bin;C:\Program Files\Microsoft\jdk-17.0.15.6-hotspot\bin;C:\Program Files\Microsoft MPI\Bin\;C:\Program Files\Common Files\Oracle\Java\javapath;C:\WINDOWS\system32;C:\WINDOWS;C:\WINDOWS\System32\Wbem;C:\WINDOWS\System32\WindowsPowerShell\v1.0\;C:\WINDOWS\System32\OpenSSH\;C:\ProgramData\chocolatey\bin;C:\Gradle\gradle-8.0.2\bin;C:\Users\HomePC\AppData\Local\Android\Sdk\platforms;C:\Users\HomePC\AppData\Local\Android\Sdk\platform-tools;C:\Users\HomePC\.gradle\gradle-8.0.2\bin;C:\Program Files (x86)\Microsoft SQL Server\160\Tools\Binn\;C:\Program Files\Microsoft SQL Server\160\Tools\Binn\;C:\Program Files\Microsoft SQL Server\Client SDK\ODBC\170\Tools\Binn\;C:\Program Files\Microsoft SQL Server\160\DTS\Binn\;C:\Program Files (x86)\Microsoft SQL Server\160\DTS\Binn\;C:\Program Files\Git\cmd;C:\Program Files\nodejs\;C:\Program Files\Java\jdk-17\bin;C:\Users\HomePC\AppData\Local\Microsoft\WindowsApps;C:\Users\HomePC\AppData\Local\Programs\Microsoft VS Code\bin;C:\Users\HomePC\AppData\Local\Android\Sdk\platform-tools;C:\Users\HomePC\AppData\Local\Android\Sdk\tools;C:\Users\HomePC\AppData\Local\jdk-11.0.2\bin;"C:\Users\HomePC\AppData\Local\Android\Sdk\tools;C:\Users\HomePC\AppData\Local\Android\Sdk\tools\bin;C:\Users\HomePC\AppData\Local\Android\Sdk\platform-tools";C:\Program Files\Java\jdk-17\bin;C:\Users\HomePC\.gradle\gradle-8.0.2\bin;C:\Users\HomePC\AppData\Roaming\npm;C:\Program Files\Java\jdk-17\bin;
USERNAME=HomePC
LANG=en_US.UTF-8
OS=Windows_NT
PROCESSOR_IDENTIFIER=Intel64 Family 6 Model 142 Stepping 10, GenuineIntel



---------------  S Y S T E M  ---------------

OS:
 Windows 11 , 64 bit Build 26100 (10.0.26100.4768)
OS uptime: 1 days 18:02 hours

CPU: total 8 (initial active 8) (4 cores per cpu, 2 threads per core) family 6 model 142 stepping 10 microcode 0xe0, cx8, cmov, fxsr, ht, mmx, 3dnowpref, sse, sse2, sse3, ssse3, sse4.1, sse4.2, popcnt, lzcnt, tsc, tscinvbit, avx, avx2, aes, erms, clmul, bmi1, bmi2, adx, fma, vzeroupper, clflush, clflushopt

Memory: 4k page, system-wide physical 8060M (1004M free)
TotalPageFile size 20222M (AvailPageFile size 10M)
current process WorkingSet (physical memory assigned to process): 227M, peak: 230M
current process commit charge ("private bytes"): 304M, peak: 307M

vm_info: Java HotSpot(TM) 64-Bit Server VM (17.0.12+8-LTS-286) for windows-amd64 JRE (17.0.12+8-LTS-286), built on Jun  5 2024 06:46:59 by "mach5one" with MS VC++ 17.6 (VS2022)

END.
